This is pdfTeX, Version 3.14159265-2.6-1.40.18 (MiKTeX 2.9.6350 64-bit) (preloaded format=pdflatex 2017.7.25)  8 SEP 2017 17:19
entering extended mode
**./Final_Thesis.tex
(Final_Thesis.tex
LaTeX2e <2017-04-15>
Babel <3.10> and hyphenation patterns for 75 language(s) loaded.
("D:\Program Files\MiKTeX 2.9\tex\latex\base\book.cls"
Document Class: book 2014/09/29 v1.4h Standard LaTeX document class
("D:\Program Files\MiKTeX 2.9\tex\latex\base\bk10.clo"
File: bk10.clo 2014/09/29 v1.4h Standard LaTeX file (size option)
)
\c@part=\count79
\c@chapter=\count80
\c@section=\count81
\c@subsection=\count82
\c@subsubsection=\count83
\c@paragraph=\count84
\c@subparagraph=\count85
\c@figure=\count86
\c@table=\count87
\abovecaptionskip=\skip41
\belowcaptionskip=\skip42
\bibindent=\dimen102
)
("D:\Program Files\MiKTeX 2.9\tex\latex\hyperref\hyperref.sty"
Package: hyperref 2017/03/14 v6.85a Hypertext links for LaTeX

("D:\Program Files\MiKTeX 2.9\tex\generic\oberdiek\hobsub-hyperref.sty"
Package: hobsub-hyperref 2016/05/16 v1.14 Bundle oberdiek, subset hyperref (HO)


("D:\Program Files\MiKTeX 2.9\tex\generic\oberdiek\hobsub-generic.sty"
Package: hobsub-generic 2016/05/16 v1.14 Bundle oberdiek, subset generic (HO)
Package: hobsub 2016/05/16 v1.14 Construct package bundles (HO)
Package: infwarerr 2016/05/16 v1.4 Providing info/warning/error messages (HO)
Package: ltxcmds 2016/05/16 v1.23 LaTeX kernel commands for general use (HO)
Package: ifluatex 2016/05/16 v1.4 Provides the ifluatex switch (HO)
Package ifluatex Info: LuaTeX not detected.
Package: ifvtex 2016/05/16 v1.6 Detect VTeX and its facilities (HO)
Package ifvtex Info: VTeX not detected.
Package: intcalc 2016/05/16 v1.2 Expandable calculations with integers (HO)
Package: ifpdf 2017/03/15 v3.2 Provides the ifpdf switch
Package: etexcmds 2016/05/16 v1.6 Avoid name clashes with e-TeX commands (HO)
Package etexcmds Info: Could not find \expanded.
(etexcmds)             That can mean that you are not using pdfTeX 1.50 or
(etexcmds)             that some package has redefined \expanded.
(etexcmds)             In the latter case, load this package earlier.
Package: kvsetkeys 2016/05/16 v1.17 Key value parser (HO)
Package: kvdefinekeys 2016/05/16 v1.4 Define keys (HO)
Package: pdftexcmds 2017/03/19 v0.25 Utility functions of pdfTeX for LuaTeX (HO
)
Package pdftexcmds Info: LuaTeX not detected.
Package pdftexcmds Info: \pdf@primitive is available.
Package pdftexcmds Info: \pdf@ifprimitive is available.
Package pdftexcmds Info: \pdfdraftmode found.
Package: pdfescape 2016/05/16 v1.14 Implements pdfTeX's escape features (HO)
Package: bigintcalc 2016/05/16 v1.4 Expandable calculations on big integers (HO
)
Package: bitset 2016/05/16 v1.2 Handle bit-vector datatype (HO)
Package: uniquecounter 2016/05/16 v1.3 Provide unlimited unique counter (HO)
)
Package hobsub Info: Skipping package `hobsub' (already loaded).
Package: letltxmacro 2016/05/16 v1.5 Let assignment for LaTeX macros (HO)
Package: hopatch 2016/05/16 v1.3 Wrapper for package hooks (HO)
Package: xcolor-patch 2016/05/16 xcolor patch
Package: atveryend 2016/05/16 v1.9 Hooks at the very end of document (HO)
Package atveryend Info: \enddocument detected (standard20110627).
Package: atbegshi 2016/06/09 v1.18 At begin shipout hook (HO)
Package: refcount 2016/05/16 v3.5 Data extraction from label references (HO)
Package: hycolor 2016/05/16 v1.8 Color options for hyperref/bookmark (HO)
)
("D:\Program Files\MiKTeX 2.9\tex\latex\graphics\keyval.sty"
Package: keyval 2014/10/28 v1.15 key=value parser (DPC)
\KV@toks@=\toks14
)
("D:\Program Files\MiKTeX 2.9\tex\generic\ifxetex\ifxetex.sty"
Package: ifxetex 2010/09/12 v0.6 Provides ifxetex conditional
)
("D:\Program Files\MiKTeX 2.9\tex\latex\oberdiek\auxhook.sty"
Package: auxhook 2016/05/16 v1.4 Hooks for auxiliary files (HO)
)
("D:\Program Files\MiKTeX 2.9\tex\latex\oberdiek\kvoptions.sty"
Package: kvoptions 2016/05/16 v3.12 Key value format for package options (HO)
)
\@linkdim=\dimen103
\Hy@linkcounter=\count88
\Hy@pagecounter=\count89

("D:\Program Files\MiKTeX 2.9\tex\latex\hyperref\pd1enc.def"
File: pd1enc.def 2017/03/14 v6.85a Hyperref: PDFDocEncoding definition (HO)
)
\Hy@SavedSpaceFactor=\count90

("D:\Program Files\MiKTeX 2.9\tex\latex\00miktex\hyperref.cfg"
File: hyperref.cfg 2002/06/06 v1.2 hyperref configuration of TeXLive
)
Package hyperref Info: Option `colorlinks' set `true' on input line 4374.
Package hyperref Info: Hyper figures OFF on input line 4498.
Package hyperref Info: Link nesting OFF on input line 4503.
Package hyperref Info: Hyper index ON on input line 4506.
Package hyperref Info: Plain pages OFF on input line 4513.
Package hyperref Info: Backreferencing OFF on input line 4518.
Package hyperref Info: Implicit mode ON; LaTeX internals redefined.
Package hyperref Info: Bookmarks ON on input line 4751.
\c@Hy@tempcnt=\count91

("C:\Users\Moaraj Hasan\AppData\Roaming\MiKTeX\2.9\tex\latex\url\url.sty"
\Urlmuskip=\muskip10
Package: url 2013/09/16  ver 3.4  Verb mode for urls, etc.
)
LaTeX Info: Redefining \url on input line 5104.
\XeTeXLinkMargin=\dimen104
\Fld@menulength=\count92
\Field@Width=\dimen105
\Fld@charsize=\dimen106
Package hyperref Info: Hyper figures OFF on input line 6358.
Package hyperref Info: Link nesting OFF on input line 6363.
Package hyperref Info: Hyper index ON on input line 6366.
Package hyperref Info: backreferencing OFF on input line 6373.
Package hyperref Info: Link coloring ON on input line 6376.
Package hyperref Info: Link coloring with OCG OFF on input line 6383.
Package hyperref Info: PDF/A mode OFF on input line 6388.
LaTeX Info: Redefining \ref on input line 6428.
LaTeX Info: Redefining \pageref on input line 6432.
\Hy@abspage=\count93
\c@Item=\count94
\c@Hfootnote=\count95
)

Package hyperref Message: Driver (autodetected): hpdftex.

("D:\Program Files\MiKTeX 2.9\tex\latex\hyperref\hpdftex.def"
File: hpdftex.def 2017/03/14 v6.85a Hyperref driver for pdfTeX
\Fld@listcount=\count96
\c@bookmark@seq@number=\count97

("D:\Program Files\MiKTeX 2.9\tex\latex\oberdiek\rerunfilecheck.sty"
Package: rerunfilecheck 2016/05/16 v1.8 Rerun checks for auxiliary files (HO)
Package uniquecounter Info: New unique counter `rerunfilecheck' on input line 2
82.
)
\Hy@SectionHShift=\skip43
)
("C:\Users\Moaraj Hasan\AppData\Roaming\MiKTeX\2.9\tex\latex\natbib\natbib.sty"
Package: natbib 2010/09/13 8.31b (PWD, AO)
\bibhang=\skip44
\bibsep=\skip45
LaTeX Info: Redefining \cite on input line 694.
\c@NAT@ctr=\count98
)
("C:\Users\Moaraj Hasan\AppData\Roaming\MiKTeX\2.9\tex\latex\appendix\appendix.
sty"
Package: appendix 2009/09/02 v1.2b extra appendix facilities
\c@@pps=\count99
\c@@ppsavesec=\count100
\c@@ppsaveapp=\count101
) ("D:\Program Files\MiKTeX 2.9\tex\latex\graphics\lscape.sty"
Package: lscape 2000/10/22 v3.01 Landscape Pages (DPC)

("D:\Program Files\MiKTeX 2.9\tex\latex\graphics\graphics.sty"
Package: graphics 2017/04/14 v1.1b Standard LaTeX Graphics (DPC,SPQR)

("D:\Program Files\MiKTeX 2.9\tex\latex\graphics\trig.sty"
Package: trig 2016/01/03 v1.10 sin cos tan (DPC)
)
("D:\Program Files\MiKTeX 2.9\tex\latex\graphics-cfg\graphics.cfg"
File: graphics.cfg 2016/06/04 v1.11 sample graphics configuration
)
Package graphics Info: Driver file: pdftex.def on input line 99.

("D:\Program Files\MiKTeX 2.9\tex\latex\graphics-def\pdftex.def"
File: pdftex.def 2017/01/12 v0.06k Graphics/color for pdfTeX
\Gread@gobject=\count102
)))
("C:\Users\Moaraj Hasan\AppData\Roaming\MiKTeX\2.9\tex\latex\tabu\tabu.sty"
Package: tabu 2011/02/26 v2.8 - flexible LaTeX tabulars (FC)

("D:\Program Files\MiKTeX 2.9\tex\latex\tools\array.sty"
Package: array 2016/10/06 v2.4d Tabular extension package (FMi)
\col@sep=\dimen107
\extrarowheight=\dimen108
\NC@list=\toks15
\extratabsurround=\skip46
\backup@length=\skip47
)
("D:\Program Files\MiKTeX 2.9\tex\latex\ltxmisc\varwidth.sty"
Package: varwidth 2009/03/30 ver 0.92;  Variable-width minipages
\@vwid@box=\box26
\sift@deathcycles=\count103
\@vwid@loff=\dimen109
\@vwid@roff=\dimen110
)
\c@taburow=\count104
\tabu@nbcols=\count105
\tabu@cnt=\count106
\tabu@Xcol=\count107
\tabu@alloc=\count108
\tabu@nested=\count109
\tabu@target=\dimen111
\tabu@spreadtarget=\dimen112
\tabu@naturalX=\dimen113
\tabucolX=\dimen114
\tabu@Xsum=\dimen115
\extrarowdepth=\dimen116
\abovetabulinesep=\dimen117
\belowtabulinesep=\dimen118
\tabustrutrule=\dimen119
\tabu@thebody=\toks16
\tabu@footnotes=\toks17
\tabu@box=\box27
\tabu@arstrutbox=\box28
\tabu@hleads=\box29
\tabu@vleads=\box30
\tabu@cellskip=\skip48
)
("C:\Users\Moaraj Hasan\AppData\Roaming\MiKTeX\2.9\tex\latex\wrapfig\wrapfig.st
y"
\wrapoverhang=\dimen120
\WF@size=\dimen121
\c@WF@wrappedlines=\count110
\WF@box=\box31
\WF@everypar=\toks18
Package: wrapfig 2003/01/31  v 3.6
)
("C:\Users\Moaraj Hasan\AppData\Roaming\MiKTeX\2.9\tex\latex\pdfpages\pdfpages.
sty"
Package: pdfpages 2017/07/14 v0.5j Insert pages of external PDF documents (AM)
 ("D:\Program Files\MiKTeX 2.9\tex\latex\base\ifthen.sty"
Package: ifthen 2014/09/29 v1.1c Standard LaTeX ifthen package (DPC)
)
("D:\Program Files\MiKTeX 2.9\tex\latex\tools\calc.sty"
Package: calc 2014/10/28 v4.3 Infix arithmetic (KKT,FJ)
\calc@Acount=\count111
\calc@Bcount=\count112
\calc@Adimen=\dimen122
\calc@Bdimen=\dimen123
\calc@Askip=\skip49
\calc@Bskip=\skip50
LaTeX Info: Redefining \setlength on input line 80.
LaTeX Info: Redefining \addtolength on input line 81.
\calc@Ccount=\count113
\calc@Cskip=\skip51
)
("C:\Users\Moaraj Hasan\AppData\Roaming\MiKTeX\2.9\tex\latex\eso-pic\eso-pic.st
y"
Package: eso-pic 2015/07/21 v2.0g eso-pic (RN)

("C:\Users\Moaraj Hasan\AppData\Roaming\MiKTeX\2.9\tex\latex\xcolor\xcolor.sty"
Package: xcolor 2016/05/11 v2.12 LaTeX color extensions (UK)
("D:\Program Files\MiKTeX 2.9\tex\latex\graphics-cfg\color.cfg"
File: color.cfg 2016/01/02 v1.6 sample color configuration
)
Package xcolor Info: Driver file: pdftex.def on input line 225.
Package xcolor Info: Model `cmy' substituted by `cmy0' on input line 1348.
Package xcolor Info: Model `hsb' substituted by `rgb' on input line 1352.
Package xcolor Info: Model `RGB' extended on input line 1364.
Package xcolor Info: Model `HTML' substituted by `rgb' on input line 1366.
Package xcolor Info: Model `Hsb' substituted by `hsb' on input line 1367.
Package xcolor Info: Model `tHsb' substituted by `hsb' on input line 1368.
Package xcolor Info: Model `HSB' substituted by `hsb' on input line 1369.
Package xcolor Info: Model `Gray' substituted by `gray' on input line 1370.
Package xcolor Info: Model `wave' substituted by `hsb' on input line 1371.
))
("D:\Program Files\MiKTeX 2.9\tex\latex\graphics\graphicx.sty"
Package: graphicx 2014/10/28 v1.0g Enhanced LaTeX Graphics (DPC,SPQR)
\Gin@req@height=\dimen124
\Gin@req@width=\dimen125
)
\AM@pagewidth=\dimen126
\AM@pageheight=\dimen127

("C:\Users\Moaraj Hasan\AppData\Roaming\MiKTeX\2.9\tex\latex\pdfpages\pppdftex.
def"
File: pppdftex.def 2017/07/14 v0.5j Pdfpages driver for pdfTeX (AM)
)
\AM@pagebox=\box32
\AM@global@opts=\toks19
\AM@toc@title=\toks20
\c@AM@survey=\count114
\AM@templatesizebox=\box33
) ("D:\Program Files\MiKTeX 2.9\tex\latex\float\float.sty"
Package: float 2001/11/08 v1.3d Float enhancements (AL)
\c@float@type=\count115
\float@exts=\toks21
\float@box=\box34
\@float@everytoks=\toks22
\@floatcapt=\box35
)
("D:\Program Files\MiKTeX 2.9\tex\latex\graphics\rotating.sty"
Package: rotating 2016/08/11 v2.16d rotated objects in LaTeX
\c@r@tfl@t=\count116
\rotFPtop=\skip52
\rotFPbot=\skip53
\rot@float@box=\box36
\rot@mess@toks=\toks23
)
("C:\Users\Moaraj Hasan\AppData\Roaming\MiKTeX\2.9\tex\latex\caption\caption.st
y"
Package: caption 2016/02/21 v3.3-144 Customizing captions (AR)

("C:\Users\Moaraj Hasan\AppData\Roaming\MiKTeX\2.9\tex\latex\caption\caption3.s
ty"
Package: caption3 2016/05/22 v1.7-166 caption3 kernel (AR)
Package caption3 Info: TeX engine: e-TeX on input line 67.
\captionmargin=\dimen128
\captionmargin@=\dimen129
\captionwidth=\dimen130
\caption@tempdima=\dimen131
\caption@indent=\dimen132
\caption@parindent=\dimen133
\caption@hangindent=\dimen134
)
\c@ContinuedFloat=\count117
Package caption Info: float package is loaded.
Package caption Info: hyperref package is loaded.
Package caption Info: rotating package is loaded.
Package caption Info: wrapfig package is loaded.
)
("C:\Users\Moaraj Hasan\AppData\Roaming\MiKTeX\2.9\tex\latex\cancel\cancel.sty"
Package: cancel 2013/04/12 v2.2 Cancel math terms
)
("C:\Users\Moaraj Hasan\AppData\Roaming\MiKTeX\2.9\tex\latex\chemformula\chemfo
rmula.sty"
("C:\Users\Moaraj Hasan\AppData\Roaming\MiKTeX\2.9\tex\latex\l3kernel\expl3.sty
"
Package: expl3 2017/07/19 L3 programming layer (loader) 

("C:\Users\Moaraj Hasan\AppData\Roaming\MiKTeX\2.9\tex\latex\l3kernel\expl3-cod
e.tex"
Package: expl3 2017/07/19 L3 programming layer (code)
\c_max_int=\count118
\l_tmpa_int=\count119
\l_tmpb_int=\count120
\g_tmpa_int=\count121
\g_tmpb_int=\count122
\g__intarray_font_int=\count123
\g__prg_map_int=\count124
\c_log_iow=\count125
\l_iow_line_count_int=\count126
\l__iow_line_target_int=\count127
\l__iow_one_indent_int=\count128
\l__iow_indent_int=\count129
\c_zero_dim=\dimen135
\c_max_dim=\dimen136
\l_tmpa_dim=\dimen137
\l_tmpb_dim=\dimen138
\g_tmpa_dim=\dimen139
\g_tmpb_dim=\dimen140
\c_zero_skip=\skip54
\c_max_skip=\skip55
\l_tmpa_skip=\skip56
\l_tmpb_skip=\skip57
\g_tmpa_skip=\skip58
\g_tmpb_skip=\skip59
\c_zero_muskip=\muskip11
\c_max_muskip=\muskip12
\l_tmpa_muskip=\muskip13
\l_tmpb_muskip=\muskip14
\g_tmpa_muskip=\muskip15
\g_tmpb_muskip=\muskip16
\l_keys_choice_int=\count130
\c__fp_leading_shift_int=\count131
\c__fp_middle_shift_int=\count132
\c__fp_trailing_shift_int=\count133
\c__fp_big_leading_shift_int=\count134
\c__fp_big_middle_shift_int=\count135
\c__fp_big_trailing_shift_int=\count136
\c__fp_Bigg_leading_shift_int=\count137
\c__fp_Bigg_middle_shift_int=\count138
\c__fp_Bigg_trailing_shift_int=\count139
\c__fp_rand_size_int=\count140
\c__fp_rand_four_int=\count141
\c__fp_rand_eight_int=\count142
\l__sort_length_int=\count143
\l__sort_min_int=\count144
\l__sort_top_int=\count145
\l__sort_max_int=\count146
\l__sort_true_max_int=\count147
\l__sort_block_int=\count148
\l__sort_begin_int=\count149
\l__sort_end_int=\count150
\l__sort_A_int=\count151
\l__sort_B_int=\count152
\l__sort_C_int=\count153
\l__tl_build_start_index_int=\count154
\l__tl_build_index_int=\count155
\l__tl_analysis_normal_int=\count156
\l__tl_analysis_index_int=\count157
\l__tl_analysis_nesting_int=\count158
\l__tl_analysis_type_int=\count159
\l__regex_internal_a_int=\count160
\l__regex_internal_b_int=\count161
\l__regex_internal_c_int=\count162
\l__regex_balance_int=\count163
\l__regex_group_level_int=\count164
\l__regex_mode_int=\count165
\c__regex_cs_in_class_mode_int=\count166
\c__regex_cs_mode_int=\count167
\l__regex_catcodes_int=\count168
\l__regex_default_catcodes_int=\count169
\c__regex_catcode_D_int=\count170
\c__regex_catcode_S_int=\count171
\c__regex_catcode_L_int=\count172
\c__regex_catcode_O_int=\count173
\c__regex_catcode_A_int=\count174
\c__regex_all_catcodes_int=\count175
\l__regex_show_lines_int=\count176
\l__regex_min_state_int=\count177
\l__regex_max_state_int=\count178
\l__regex_left_state_int=\count179
\l__regex_right_state_int=\count180
\l__regex_capturing_group_int=\count181
\l__regex_min_pos_int=\count182
\l__regex_max_pos_int=\count183
\l__regex_curr_pos_int=\count184
\l__regex_start_pos_int=\count185
\l__regex_success_pos_int=\count186
\l__regex_curr_char_int=\count187
\l__regex_curr_catcode_int=\count188
\l__regex_last_char_int=\count189
\l__regex_case_changed_char_int=\count190
\l__regex_curr_state_int=\count191
\l__regex_step_int=\count192
\l__regex_min_active_int=\count193
\l__regex_max_active_int=\count194
\l__regex_replacement_csnames_int=\count195
\l__regex_match_count_int=\count196
\l__regex_min_submatch_int=\count197
\l__regex_submatch_int=\count198
\l__regex_zeroth_submatch_int=\count199
\g__debug_trace_regex_int=\count266
\c_empty_box=\box37
\l_tmpa_box=\box38
\l_tmpb_box=\box39
\g_tmpa_box=\box40
\g_tmpb_box=\box41
\l__box_top_dim=\dimen141
\l__box_bottom_dim=\dimen142
\l__box_left_dim=\dimen143
\l__box_right_dim=\dimen144
\l__box_top_new_dim=\dimen145
\l__box_bottom_new_dim=\dimen146
\l__box_left_new_dim=\dimen147
\l__box_right_new_dim=\dimen148
\l__box_internal_box=\box42
\l__coffin_internal_box=\box43
\l__coffin_internal_dim=\dimen149
\l__coffin_offset_x_dim=\dimen150
\l__coffin_offset_y_dim=\dimen151
\l__coffin_x_dim=\dimen152
\l__coffin_y_dim=\dimen153
\l__coffin_x_prime_dim=\dimen154
\l__coffin_y_prime_dim=\dimen155
\c_empty_coffin=\box44
\l__coffin_aligned_coffin=\box45
\l__coffin_aligned_internal_coffin=\box46
\l_tmpa_coffin=\box47
\l_tmpb_coffin=\box48
\l__coffin_display_coffin=\box49
\l__coffin_display_coord_coffin=\box50
\l__coffin_display_pole_coffin=\box51
\l__coffin_display_offset_dim=\dimen156
\l__coffin_display_x_dim=\dimen157
\l__coffin_display_y_dim=\dimen158
\l__coffin_bounding_shift_dim=\dimen159
\l__coffin_left_corner_dim=\dimen160
\l__coffin_right_corner_dim=\dimen161
\l__coffin_bottom_corner_dim=\dimen162
\l__coffin_top_corner_dim=\dimen163
\l__coffin_scaled_total_height_dim=\dimen164
\l__coffin_scaled_width_dim=\dimen165
)
("C:\Users\Moaraj Hasan\AppData\Roaming\MiKTeX\2.9\tex\latex\l3kernel\l3pdfmode
.def"
File: l3pdfmode.def 2017/03/18 v L3 Experimental driver: PDF mode
\l__driver_color_stack_int=\count267
\l__driver_tmp_box=\box52
))
("C:\Users\Moaraj Hasan\AppData\Roaming\MiKTeX\2.9\tex\latex\l3packages\xparse\
xparse.sty"
Package: xparse 2017/07/19 L3 Experimental document command parser
\l__xparse_current_arg_int=\count268
\g__xparse_grabber_int=\count269
\l__xparse_m_args_int=\count270
\l__xparse_mandatory_args_int=\count271
\l__xparse_v_nesting_int=\count272
)
("C:\Users\Moaraj Hasan\AppData\Roaming\MiKTeX\2.9\tex\latex\l3packages\l3keys2
e\l3keys2e.sty"
Package: l3keys2e 2017/07/19 LaTeX2e option processing using LaTeX3 keys
)
("C:\Users\Moaraj Hasan\AppData\Roaming\MiKTeX\2.9\tex\latex\pgf\frontendlayer\
tikz.sty"
("C:\Users\Moaraj Hasan\AppData\Roaming\MiKTeX\2.9\tex\latex\pgf\basiclayer\pgf
.sty"
("C:\Users\Moaraj Hasan\AppData\Roaming\MiKTeX\2.9\tex\latex\pgf\utilities\pgfr
cs.sty"
("C:\Users\Moaraj Hasan\AppData\Roaming\MiKTeX\2.9\tex\generic\pgf\utilities\pg
futil-common.tex"
\pgfutil@everybye=\toks24
\pgfutil@tempdima=\dimen166
\pgfutil@tempdimb=\dimen167

("C:\Users\Moaraj Hasan\AppData\Roaming\MiKTeX\2.9\tex\generic\pgf\utilities\pg
futil-common-lists.tex"))
("C:\Users\Moaraj Hasan\AppData\Roaming\MiKTeX\2.9\tex\generic\pgf\utilities\pg
futil-latex.def"
\pgfutil@abb=\box53

("C:\Users\Moaraj Hasan\AppData\Roaming\MiKTeX\2.9\tex\latex\ms\everyshi.sty"
Package: everyshi 2001/05/15 v3.00 EveryShipout Package (MS)
))
("C:\Users\Moaraj Hasan\AppData\Roaming\MiKTeX\2.9\tex\generic\pgf\utilities\pg
frcs.code.tex"
Package: pgfrcs 2015/08/07 v3.0.1a (rcs-revision 1.31)
))
Package: pgf 2015/08/07 v3.0.1a (rcs-revision 1.15)

("C:\Users\Moaraj Hasan\AppData\Roaming\MiKTeX\2.9\tex\latex\pgf\basiclayer\pgf
core.sty"
("C:\Users\Moaraj Hasan\AppData\Roaming\MiKTeX\2.9\tex\latex\pgf\systemlayer\pg
fsys.sty"
("C:\Users\Moaraj Hasan\AppData\Roaming\MiKTeX\2.9\tex\generic\pgf\systemlayer\
pgfsys.code.tex"
Package: pgfsys 2014/07/09 v3.0.1a (rcs-revision 1.48)

("C:\Users\Moaraj Hasan\AppData\Roaming\MiKTeX\2.9\tex\generic\pgf\utilities\pg
fkeys.code.tex"
\pgfkeys@pathtoks=\toks25
\pgfkeys@temptoks=\toks26

("C:\Users\Moaraj Hasan\AppData\Roaming\MiKTeX\2.9\tex\generic\pgf\utilities\pg
fkeysfiltered.code.tex"
\pgfkeys@tmptoks=\toks27
))
\pgf@x=\dimen168
\pgf@y=\dimen169
\pgf@xa=\dimen170
\pgf@ya=\dimen171
\pgf@xb=\dimen172
\pgf@yb=\dimen173
\pgf@xc=\dimen174
\pgf@yc=\dimen175
\w@pgf@writea=\write3
\r@pgf@reada=\read1
\c@pgf@counta=\count273
\c@pgf@countb=\count274
\c@pgf@countc=\count275
\c@pgf@countd=\count276
\t@pgf@toka=\toks28
\t@pgf@tokb=\toks29
\t@pgf@tokc=\toks30

("C:\Users\Moaraj Hasan\AppData\Roaming\MiKTeX\2.9\tex\generic\pgf\systemlayer\
pgf.cfg"
File: pgf.cfg 2008/05/14  (rcs-revision 1.7)
)
Driver file for pgf: pgfsys-pdftex.def

("C:\Users\Moaraj Hasan\AppData\Roaming\MiKTeX\2.9\tex\generic\pgf\systemlayer\
pgfsys-pdftex.def"
File: pgfsys-pdftex.def 2014/10/11  (rcs-revision 1.35)

("C:\Users\Moaraj Hasan\AppData\Roaming\MiKTeX\2.9\tex\generic\pgf\systemlayer\
pgfsys-common-pdf.def"
File: pgfsys-common-pdf.def 2013/10/10  (rcs-revision 1.13)
)))
("C:\Users\Moaraj Hasan\AppData\Roaming\MiKTeX\2.9\tex\generic\pgf\systemlayer\
pgfsyssoftpath.code.tex"
File: pgfsyssoftpath.code.tex 2013/09/09  (rcs-revision 1.9)
\pgfsyssoftpath@smallbuffer@items=\count277
\pgfsyssoftpath@bigbuffer@items=\count278
)
("C:\Users\Moaraj Hasan\AppData\Roaming\MiKTeX\2.9\tex\generic\pgf\systemlayer\
pgfsysprotocol.code.tex"
File: pgfsysprotocol.code.tex 2006/10/16  (rcs-revision 1.4)
))
("C:\Users\Moaraj Hasan\AppData\Roaming\MiKTeX\2.9\tex\generic\pgf\basiclayer\p
gfcore.code.tex"
Package: pgfcore 2010/04/11 v3.0.1a (rcs-revision 1.7)

("C:\Users\Moaraj Hasan\AppData\Roaming\MiKTeX\2.9\tex\generic\pgf\math\pgfmath
.code.tex"
("C:\Users\Moaraj Hasan\AppData\Roaming\MiKTeX\2.9\tex\generic\pgf\math\pgfmath
calc.code.tex"
("C:\Users\Moaraj Hasan\AppData\Roaming\MiKTeX\2.9\tex\generic\pgf\math\pgfmath
util.code.tex")
("C:\Users\Moaraj Hasan\AppData\Roaming\MiKTeX\2.9\tex\generic\pgf\math\pgfmath
parser.code.tex"
\pgfmath@dimen=\dimen176
\pgfmath@count=\count279
\pgfmath@box=\box54
\pgfmath@toks=\toks31
\pgfmath@stack@operand=\toks32
\pgfmath@stack@operation=\toks33
)
("C:\Users\Moaraj Hasan\AppData\Roaming\MiKTeX\2.9\tex\generic\pgf\math\pgfmath
functions.code.tex"
("C:\Users\Moaraj Hasan\AppData\Roaming\MiKTeX\2.9\tex\generic\pgf\math\pgfmath
functions.basic.code.tex")
("C:\Users\Moaraj Hasan\AppData\Roaming\MiKTeX\2.9\tex\generic\pgf\math\pgfmath
functions.trigonometric.code.tex")
("C:\Users\Moaraj Hasan\AppData\Roaming\MiKTeX\2.9\tex\generic\pgf\math\pgfmath
functions.random.code.tex")
("C:\Users\Moaraj Hasan\AppData\Roaming\MiKTeX\2.9\tex\generic\pgf\math\pgfmath
functions.comparison.code.tex")
("C:\Users\Moaraj Hasan\AppData\Roaming\MiKTeX\2.9\tex\generic\pgf\math\pgfmath
functions.base.code.tex")
("C:\Users\Moaraj Hasan\AppData\Roaming\MiKTeX\2.9\tex\generic\pgf\math\pgfmath
functions.round.code.tex")
("C:\Users\Moaraj Hasan\AppData\Roaming\MiKTeX\2.9\tex\generic\pgf\math\pgfmath
functions.misc.code.tex")
("C:\Users\Moaraj Hasan\AppData\Roaming\MiKTeX\2.9\tex\generic\pgf\math\pgfmath
functions.integerarithmetics.code.tex")))
("C:\Users\Moaraj Hasan\AppData\Roaming\MiKTeX\2.9\tex\generic\pgf\math\pgfmath
float.code.tex"
\c@pgfmathroundto@lastzeros=\count280
))
("C:\Users\Moaraj Hasan\AppData\Roaming\MiKTeX\2.9\tex\generic\pgf\basiclayer\p
gfcorepoints.code.tex"
File: pgfcorepoints.code.tex 2013/10/07  (rcs-revision 1.27)
\pgf@picminx=\dimen177
\pgf@picmaxx=\dimen178
\pgf@picminy=\dimen179
\pgf@picmaxy=\dimen180
\pgf@pathminx=\dimen181
\pgf@pathmaxx=\dimen182
\pgf@pathminy=\dimen183
\pgf@pathmaxy=\dimen184
\pgf@xx=\dimen185
\pgf@xy=\dimen186
\pgf@yx=\dimen187
\pgf@yy=\dimen188
\pgf@zx=\dimen189
\pgf@zy=\dimen190
)
("C:\Users\Moaraj Hasan\AppData\Roaming\MiKTeX\2.9\tex\generic\pgf\basiclayer\p
gfcorepathconstruct.code.tex"
File: pgfcorepathconstruct.code.tex 2013/10/07  (rcs-revision 1.29)
\pgf@path@lastx=\dimen191
\pgf@path@lasty=\dimen192
)
("C:\Users\Moaraj Hasan\AppData\Roaming\MiKTeX\2.9\tex\generic\pgf\basiclayer\p
gfcorepathusage.code.tex"
File: pgfcorepathusage.code.tex 2014/11/02  (rcs-revision 1.24)
\pgf@shorten@end@additional=\dimen193
\pgf@shorten@start@additional=\dimen194
)
("C:\Users\Moaraj Hasan\AppData\Roaming\MiKTeX\2.9\tex\generic\pgf\basiclayer\p
gfcorescopes.code.tex"
File: pgfcorescopes.code.tex 2015/05/08  (rcs-revision 1.46)
\pgfpic=\box55
\pgf@hbox=\box56
\pgf@layerbox@main=\box57
\pgf@picture@serial@count=\count281
)
("C:\Users\Moaraj Hasan\AppData\Roaming\MiKTeX\2.9\tex\generic\pgf\basiclayer\p
gfcoregraphicstate.code.tex"
File: pgfcoregraphicstate.code.tex 2014/11/02  (rcs-revision 1.12)
\pgflinewidth=\dimen195
)
("C:\Users\Moaraj Hasan\AppData\Roaming\MiKTeX\2.9\tex\generic\pgf\basiclayer\p
gfcoretransformations.code.tex"
File: pgfcoretransformations.code.tex 2015/08/07  (rcs-revision 1.20)
\pgf@pt@x=\dimen196
\pgf@pt@y=\dimen197
\pgf@pt@temp=\dimen198
)
("C:\Users\Moaraj Hasan\AppData\Roaming\MiKTeX\2.9\tex\generic\pgf\basiclayer\p
gfcorequick.code.tex"
File: pgfcorequick.code.tex 2008/10/09  (rcs-revision 1.3)
)
("C:\Users\Moaraj Hasan\AppData\Roaming\MiKTeX\2.9\tex\generic\pgf\basiclayer\p
gfcoreobjects.code.tex"
File: pgfcoreobjects.code.tex 2006/10/11  (rcs-revision 1.2)
)
("C:\Users\Moaraj Hasan\AppData\Roaming\MiKTeX\2.9\tex\generic\pgf\basiclayer\p
gfcorepathprocessing.code.tex"
File: pgfcorepathprocessing.code.tex 2013/09/09  (rcs-revision 1.9)
)
("C:\Users\Moaraj Hasan\AppData\Roaming\MiKTeX\2.9\tex\generic\pgf\basiclayer\p
gfcorearrows.code.tex"
File: pgfcorearrows.code.tex 2015/05/14  (rcs-revision 1.43)
\pgfarrowsep=\dimen199
)
("C:\Users\Moaraj Hasan\AppData\Roaming\MiKTeX\2.9\tex\generic\pgf\basiclayer\p
gfcoreshade.code.tex"
File: pgfcoreshade.code.tex 2013/07/15  (rcs-revision 1.15)
\pgf@max=\dimen256
\pgf@sys@shading@range@num=\count282
)
("C:\Users\Moaraj Hasan\AppData\Roaming\MiKTeX\2.9\tex\generic\pgf\basiclayer\p
gfcoreimage.code.tex"
File: pgfcoreimage.code.tex 2013/07/15  (rcs-revision 1.18)

("C:\Users\Moaraj Hasan\AppData\Roaming\MiKTeX\2.9\tex\generic\pgf\basiclayer\p
gfcoreexternal.code.tex"
File: pgfcoreexternal.code.tex 2014/07/09  (rcs-revision 1.21)
\pgfexternal@startupbox=\box58
))
("C:\Users\Moaraj Hasan\AppData\Roaming\MiKTeX\2.9\tex\generic\pgf\basiclayer\p
gfcorelayers.code.tex"
File: pgfcorelayers.code.tex 2013/07/18  (rcs-revision 1.7)
)
("C:\Users\Moaraj Hasan\AppData\Roaming\MiKTeX\2.9\tex\generic\pgf\basiclayer\p
gfcoretransparency.code.tex"
File: pgfcoretransparency.code.tex 2013/09/30  (rcs-revision 1.5)
)
("C:\Users\Moaraj Hasan\AppData\Roaming\MiKTeX\2.9\tex\generic\pgf\basiclayer\p
gfcorepatterns.code.tex"
File: pgfcorepatterns.code.tex 2013/11/07  (rcs-revision 1.5)
)))
("C:\Users\Moaraj Hasan\AppData\Roaming\MiKTeX\2.9\tex\generic\pgf\modules\pgfm
oduleshapes.code.tex"
File: pgfmoduleshapes.code.tex 2014/03/21  (rcs-revision 1.35)
\pgfnodeparttextbox=\box59
)
("C:\Users\Moaraj Hasan\AppData\Roaming\MiKTeX\2.9\tex\generic\pgf\modules\pgfm
oduleplot.code.tex"
File: pgfmoduleplot.code.tex 2015/08/03  (rcs-revision 1.13)
)
("C:\Users\Moaraj Hasan\AppData\Roaming\MiKTeX\2.9\tex\latex\pgf\compatibility\
pgfcomp-version-0-65.sty"
Package: pgfcomp-version-0-65 2007/07/03 v3.0.1a (rcs-revision 1.7)
\pgf@nodesepstart=\dimen257
\pgf@nodesepend=\dimen258
)
("C:\Users\Moaraj Hasan\AppData\Roaming\MiKTeX\2.9\tex\latex\pgf\compatibility\
pgfcomp-version-1-18.sty"
Package: pgfcomp-version-1-18 2007/07/23 v3.0.1a (rcs-revision 1.1)
))
("C:\Users\Moaraj Hasan\AppData\Roaming\MiKTeX\2.9\tex\latex\pgf\utilities\pgff
or.sty"
("C:\Users\Moaraj Hasan\AppData\Roaming\MiKTeX\2.9\tex\latex\pgf\utilities\pgfk
eys.sty"
("C:\Users\Moaraj Hasan\AppData\Roaming\MiKTeX\2.9\tex\generic\pgf\utilities\pg
fkeys.code.tex"))
("C:\Users\Moaraj Hasan\AppData\Roaming\MiKTeX\2.9\tex\latex\pgf\math\pgfmath.s
ty"
("C:\Users\Moaraj Hasan\AppData\Roaming\MiKTeX\2.9\tex\generic\pgf\math\pgfmath
.code.tex"))
("C:\Users\Moaraj Hasan\AppData\Roaming\MiKTeX\2.9\tex\generic\pgf\utilities\pg
ffor.code.tex"
Package: pgffor 2013/12/13 v3.0.1a (rcs-revision 1.25)

("C:\Users\Moaraj Hasan\AppData\Roaming\MiKTeX\2.9\tex\generic\pgf\math\pgfmath
.code.tex")
\pgffor@iter=\dimen259
\pgffor@skip=\dimen260
\pgffor@stack=\toks34
\pgffor@toks=\toks35
))
("C:\Users\Moaraj Hasan\AppData\Roaming\MiKTeX\2.9\tex\generic\pgf\frontendlaye
r\tikz\tikz.code.tex"
Package: tikz 2015/08/07 v3.0.1a (rcs-revision 1.151)

("C:\Users\Moaraj Hasan\AppData\Roaming\MiKTeX\2.9\tex\generic\pgf\libraries\pg
flibraryplothandlers.code.tex"
File: pgflibraryplothandlers.code.tex 2013/08/31 v3.0.1a (rcs-revision 1.20)
\pgf@plot@mark@count=\count283
\pgfplotmarksize=\dimen261
)
\tikz@lastx=\dimen262
\tikz@lasty=\dimen263
\tikz@lastxsaved=\dimen264
\tikz@lastysaved=\dimen265
\tikzleveldistance=\dimen266
\tikzsiblingdistance=\dimen267
\tikz@figbox=\box60
\tikz@figbox@bg=\box61
\tikz@tempbox=\box62
\tikz@tempbox@bg=\box63
\tikztreelevel=\count284
\tikznumberofchildren=\count285
\tikznumberofcurrentchild=\count286
\tikz@fig@count=\count287

("C:\Users\Moaraj Hasan\AppData\Roaming\MiKTeX\2.9\tex\generic\pgf\modules\pgfm
odulematrix.code.tex"
File: pgfmodulematrix.code.tex 2013/09/17  (rcs-revision 1.8)
\pgfmatrixcurrentrow=\count288
\pgfmatrixcurrentcolumn=\count289
\pgf@matrix@numberofcolumns=\count290
)
\tikz@expandcount=\count291

("C:\Users\Moaraj Hasan\AppData\Roaming\MiKTeX\2.9\tex\generic\pgf\frontendlaye
r\tikz\libraries\tikzlibrarytopaths.code.tex"
File: tikzlibrarytopaths.code.tex 2008/06/17 v3.0.1a (rcs-revision 1.2)
)))
("D:\Program Files\MiKTeX 2.9\tex\latex\amsmath\amsmath.sty"
Package: amsmath 2016/11/05 v2.16a AMS math features
\@mathmargin=\skip60

For additional information on amsmath, use the `?' option.
("D:\Program Files\MiKTeX 2.9\tex\latex\amsmath\amstext.sty"
Package: amstext 2000/06/29 v2.01 AMS text

("D:\Program Files\MiKTeX 2.9\tex\latex\amsmath\amsgen.sty"
File: amsgen.sty 1999/11/30 v2.0 generic functions
\@emptytoks=\toks36
\ex@=\dimen268
))
("D:\Program Files\MiKTeX 2.9\tex\latex\amsmath\amsbsy.sty"
Package: amsbsy 1999/11/29 v1.2d Bold Symbols
\pmbraise@=\dimen269
)
("D:\Program Files\MiKTeX 2.9\tex\latex\amsmath\amsopn.sty"
Package: amsopn 2016/03/08 v2.02 operator names
)
\inf@bad=\count292
LaTeX Info: Redefining \frac on input line 213.
\uproot@=\count293
\leftroot@=\count294
LaTeX Info: Redefining \overline on input line 375.
\classnum@=\count295
\DOTSCASE@=\count296
LaTeX Info: Redefining \ldots on input line 472.
LaTeX Info: Redefining \dots on input line 475.
LaTeX Info: Redefining \cdots on input line 596.
\Mathstrutbox@=\box64
\strutbox@=\box65
\big@size=\dimen270
LaTeX Font Info:    Redeclaring font encoding OML on input line 712.
LaTeX Font Info:    Redeclaring font encoding OMS on input line 713.
\macc@depth=\count297
\c@MaxMatrixCols=\count298
\dotsspace@=\muskip17
\c@parentequation=\count299
\dspbrk@lvl=\count300
\tag@help=\toks37
\row@=\count301
\column@=\count302
\maxfields@=\count303
\andhelp@=\toks38
\eqnshift@=\dimen271
\alignsep@=\dimen272
\tagshift@=\dimen273
\tagwidth@=\dimen274
\totwidth@=\dimen275
\lineht@=\dimen276
\@envbody=\toks39
\multlinegap=\skip61
\multlinetaggap=\skip62
\mathdisplay@stack=\toks40
LaTeX Info: Redefining \[ on input line 2817.
LaTeX Info: Redefining \] on input line 2818.
)
("C:\Users\Moaraj Hasan\AppData\Roaming\MiKTeX\2.9\tex\latex\l3packages\xfrac\x
frac.sty" ("D:\Program Files\MiKTeX 2.9\tex\latex\base\textcomp.sty"
Package: textcomp 2017/04/05 v2.0i Standard LaTeX package
Package textcomp Info: Sub-encoding information:
(textcomp)               5 = only ISO-Adobe without \textcurrency
(textcomp)               4 = 5 + \texteuro
(textcomp)               3 = 4 + \textohm
(textcomp)               2 = 3 + \textestimated + \textcurrency
(textcomp)               1 = TS1 - \textcircled - \t
(textcomp)               0 = TS1 (full)
(textcomp)             Font families with sub-encoding setting implement
(textcomp)             only a restricted character set as indicated.
(textcomp)             Family '?' is the default used for unknown fonts.
(textcomp)             See the documentation for details.
Package textcomp Info: Setting ? sub-encoding to TS1/1 on input line 79.

("D:\Program Files\MiKTeX 2.9\tex\latex\base\ts1enc.def"
File: ts1enc.def 2001/06/05 v3.0e (jk/car/fm) Standard LaTeX file
)
LaTeX Info: Redefining \oldstylenums on input line 334.
Package textcomp Info: Setting cmr sub-encoding to TS1/0 on input line 349.
Package textcomp Info: Setting cmss sub-encoding to TS1/0 on input line 350.
Package textcomp Info: Setting cmtt sub-encoding to TS1/0 on input line 351.
Package textcomp Info: Setting cmvtt sub-encoding to TS1/0 on input line 352.
Package textcomp Info: Setting cmbr sub-encoding to TS1/0 on input line 353.
Package textcomp Info: Setting cmtl sub-encoding to TS1/0 on input line 354.
Package textcomp Info: Setting ccr sub-encoding to TS1/0 on input line 355.
Package textcomp Info: Setting ptm sub-encoding to TS1/4 on input line 356.
Package textcomp Info: Setting pcr sub-encoding to TS1/4 on input line 357.
Package textcomp Info: Setting phv sub-encoding to TS1/4 on input line 358.
Package textcomp Info: Setting ppl sub-encoding to TS1/3 on input line 359.
Package textcomp Info: Setting pag sub-encoding to TS1/4 on input line 360.
Package textcomp Info: Setting pbk sub-encoding to TS1/4 on input line 361.
Package textcomp Info: Setting pnc sub-encoding to TS1/4 on input line 362.
Package textcomp Info: Setting pzc sub-encoding to TS1/4 on input line 363.
Package textcomp Info: Setting bch sub-encoding to TS1/4 on input line 364.
Package textcomp Info: Setting put sub-encoding to TS1/5 on input line 365.
Package textcomp Info: Setting uag sub-encoding to TS1/5 on input line 366.
Package textcomp Info: Setting ugq sub-encoding to TS1/5 on input line 367.
Package textcomp Info: Setting ul8 sub-encoding to TS1/4 on input line 368.
Package textcomp Info: Setting ul9 sub-encoding to TS1/4 on input line 369.
Package textcomp Info: Setting augie sub-encoding to TS1/5 on input line 370.
Package textcomp Info: Setting dayrom sub-encoding to TS1/3 on input line 371.
Package textcomp Info: Setting dayroms sub-encoding to TS1/3 on input line 372.

Package textcomp Info: Setting pxr sub-encoding to TS1/0 on input line 373.
Package textcomp Info: Setting pxss sub-encoding to TS1/0 on input line 374.
Package textcomp Info: Setting pxtt sub-encoding to TS1/0 on input line 375.
Package textcomp Info: Setting txr sub-encoding to TS1/0 on input line 376.
Package textcomp Info: Setting txss sub-encoding to TS1/0 on input line 377.
Package textcomp Info: Setting txtt sub-encoding to TS1/0 on input line 378.
Package textcomp Info: Setting lmr sub-encoding to TS1/0 on input line 379.
Package textcomp Info: Setting lmdh sub-encoding to TS1/0 on input line 380.
Package textcomp Info: Setting lmss sub-encoding to TS1/0 on input line 381.
Package textcomp Info: Setting lmssq sub-encoding to TS1/0 on input line 382.
Package textcomp Info: Setting lmvtt sub-encoding to TS1/0 on input line 383.
Package textcomp Info: Setting lmtt sub-encoding to TS1/0 on input line 384.
Package textcomp Info: Setting qhv sub-encoding to TS1/0 on input line 385.
Package textcomp Info: Setting qag sub-encoding to TS1/0 on input line 386.
Package textcomp Info: Setting qbk sub-encoding to TS1/0 on input line 387.
Package textcomp Info: Setting qcr sub-encoding to TS1/0 on input line 388.
Package textcomp Info: Setting qcs sub-encoding to TS1/0 on input line 389.
Package textcomp Info: Setting qpl sub-encoding to TS1/0 on input line 390.
Package textcomp Info: Setting qtm sub-encoding to TS1/0 on input line 391.
Package textcomp Info: Setting qzc sub-encoding to TS1/0 on input line 392.
Package textcomp Info: Setting qhvc sub-encoding to TS1/0 on input line 393.
Package textcomp Info: Setting futs sub-encoding to TS1/4 on input line 394.
Package textcomp Info: Setting futx sub-encoding to TS1/4 on input line 395.
Package textcomp Info: Setting futj sub-encoding to TS1/4 on input line 396.
Package textcomp Info: Setting hlh sub-encoding to TS1/3 on input line 397.
Package textcomp Info: Setting hls sub-encoding to TS1/3 on input line 398.
Package textcomp Info: Setting hlst sub-encoding to TS1/3 on input line 399.
Package textcomp Info: Setting hlct sub-encoding to TS1/5 on input line 400.
Package textcomp Info: Setting hlx sub-encoding to TS1/5 on input line 401.
Package textcomp Info: Setting hlce sub-encoding to TS1/5 on input line 402.
Package textcomp Info: Setting hlcn sub-encoding to TS1/5 on input line 403.
Package textcomp Info: Setting hlcw sub-encoding to TS1/5 on input line 404.
Package textcomp Info: Setting hlcf sub-encoding to TS1/5 on input line 405.
Package textcomp Info: Setting pplx sub-encoding to TS1/3 on input line 406.
Package textcomp Info: Setting pplj sub-encoding to TS1/3 on input line 407.
Package textcomp Info: Setting ptmx sub-encoding to TS1/4 on input line 408.
Package textcomp Info: Setting ptmj sub-encoding to TS1/4 on input line 409.
)
("C:\Users\Moaraj Hasan\AppData\Roaming\MiKTeX\2.9\tex\latex\l3packages\xtempla
te\xtemplate.sty"
Package: xtemplate 2017/07/19 L3 Experimental prototype document functions
\l__xtemplate_tmp_dim=\dimen277
\l__xtemplate_tmp_int=\count304
\l__xtemplate_tmp_muskip=\muskip18
\l__xtemplate_tmp_skip=\skip63
)
Package: xfrac 2017/07/19 L3 Experimental split-level fractions
\l__xfrac_slash_box=\box66
\l__xfrac_tmp_box=\box67
\l__xfrac_denominator_bot_sep_dim=\dimen278
\l__xfrac_numerator_bot_sep_dim=\dimen279
\l__xfrac_numerator_top_sep_dim=\dimen280
\l__xfrac_slash_left_sep_dim=\dimen281
\l__xfrac_slash_right_sep_dim=\dimen282
\l__xfrac_slash_left_muskip=\muskip19
\l__xfrac_slash_right_muskip=\muskip20
.................................................
. xtemplate info: "declare-object-type"
. 
. Declaring object type 'xfrac' taking 3 argument(s) on line 80.
.................................................
.................................................
. LaTeX info: "xparse/define-command"
. 
. Defining command \sfrac with sig. 'omom' on line 419.
.................................................
)
("C:\Users\Moaraj Hasan\AppData\Roaming\MiKTeX\2.9\tex\latex\units\nicefrac.sty
"
Package: nicefrac 1998/08/04 v0.9b Nice fractions
\L@UnitsRaiseDisplaystyle=\skip64
\L@UnitsRaiseTextstyle=\skip65
\L@UnitsRaiseScriptstyle=\skip66
)
("C:\Users\Moaraj Hasan\AppData\Roaming\MiKTeX\2.9\tex\latex\koma-script\scrlfi
le.sty"
Package: scrlfile 2017/04/13 v3.23 KOMA-Script package (loading files)

Package scrlfile, 2017/04/13 v3.23 KOMA-Script package (loading files)
                  Copyright (C) Markus Kohm

)
("C:\Users\Moaraj Hasan\AppData\Roaming\MiKTeX\2.9\tex\generic\pgf\libraries\pg
flibraryarrows.meta.code.tex"
File: pgflibraryarrows.meta.code.tex 2015/05/13 v3.0.1a (rcs-revision 1.13)
\pgfarrowinset=\dimen283
\pgfarrowlength=\dimen284
\pgfarrowwidth=\dimen285
\pgfarrowlinewidth=\dimen286
)
Package: chemformula 2017/03/23 v4.15e typeset chemical compounds and reactions
 (CN)
\l__chemformula_tmpa_dim=\dimen287
\l__chemformula_tmpb_dim=\dimen288
\l__chemformula_tmpc_dim=\dimen289
\l__chemformula_tmpa_int=\count305
\l__chemformula_tmpb_int=\count306
\l__chemformula_tmpc_int=\count307
\l__chemformula_tmpa_box=\box68
\l__chemformula_tmpb_box=\box69
\l__chemformula_arrow_length_dim=\dimen290
\l__chemformula_arrow_label_height_dim=\dimen291
\l__chemformula_arrow_label_offset_dim=\dimen292
\l__chemformula_arrow_minimum_length_dim=\dimen293
\l__chemformula_arrow_shortage_dim=\dimen294
\l__chemformula_arrow_offset_dim=\dimen295
\l__chemformula_arrow_yshift_dim=\dimen296
\l__chemformula_radical_radius_dim=\dimen297
\l__chemformula_radical_hshift_dim=\dimen298
\l__chemformula_radical_vshift_dim=\dimen299
\l__chemformula_radical_space_dim=\dimen300
\l__chemformula_arrow_head_dim=\dimen301
\l__chemformula_name_dim=\dimen302
\l__chemformula_adduct_space_dim=\dimen303
\l__chemformula_charge_shift_dim=\dimen304
\l__chemformula_subscript_shift_dim=\dimen305
\l__chemformula_superscript_shift_dim=\dimen306
\l__chemformula_subscript_dim=\dimen307
\l__chemformula_superscript_dim=\dimen308
\l__chemformula_bond_dim=\dimen309
\l__chemformula_bond_space_dim=\dimen310
\l__chemformula_elspec_pair_distance_dim=\dimen311
\l__chemformula_elspec_pair_line_length_dim=\dimen312
\l__chemformula_elspec_pair_width_dim=\dimen313
\l__chemformula_kroegervink_positive_radius_dim=\dimen314
\l__chemformula_kroegervink_positive_hshift_dim=\dimen315
\l__chemformula_kroegervink_positive_vshift_dim=\dimen316
\l__chemformula_kroegervink_positive_space_dim=\dimen317
\l__chemformula_stoich_space_skip=\skip67
\l__chemformula_math_space_skip=\skip68
\l__chemformula_count_tokens_int=\count308
\g__chemformula_lewis_int=\count309
\l__chemformula_arrow_arg_i_box=\box70
\l__chemformula_arrow_arg_ii_box=\box71
\l__chemformula_superscript_box=\box72
\l__chemformula_subscript_box=\box73
.................................................
. LaTeX info: "xparse/define-command"
. 
. Defining command \charrow with sig. 'mO{}O{}' on line 823.
.................................................
.................................................
. LaTeX info: "xparse/define-command"
. 
. Defining command \NewChemArrow with sig. 'mm' on line 896.
.................................................
.................................................
. LaTeX info: "xparse/define-command"
. 
. Defining command \DeclareChemArrow with sig. 'mm' on line 904.
.................................................
.................................................
. LaTeX info: "xparse/define-command"
. 
. Defining command \RenewChemArrow with sig. 'mm' on line 911.
.................................................
.................................................
. LaTeX info: "xparse/define-command"
. 
. Defining command \ProvideChemArrow with sig. 'mm' on line 921.
.................................................
.................................................
. LaTeX info: "xparse/define-command"
. 
. Defining command \ShowChemArrow with sig. 'm' on line 931.
.................................................
.................................................
. LaTeX info: "xparse/define-command"
. 
. Defining command \ch with sig. 'O{}m' on line 1176.
.................................................
.................................................
. LaTeX info: "xparse/define-command"
. 
. Defining command \chcpd with sig. 'O{}m' on line 1198.
.................................................
.................................................
. LaTeX info: "xparse/define-command"
. 
. Defining command \chname with sig. 'R(){}R(){}' on line 1276.
.................................................
.................................................
. LaTeX info: "xparse/define-command"
. 
. Defining command \NewChemCompoundProperty with sig. 'mm' on line 1361.
.................................................
.................................................
. LaTeX info: "xparse/define-command"
. 
. Defining command \RenewChemCompoundProperty with sig. 'mm' on line 1364.
.................................................
.................................................
. LaTeX info: "xparse/define-command"
. 
. Defining command \ProvideChemCompoundProperty with sig. 'mm' on line 1367.
.................................................
.................................................
. LaTeX info: "xparse/define-command"
. 
. Defining command \DeclareChemCompoundProperty with sig. 'mm' on line 1370.
.................................................
.................................................
. LaTeX info: "xparse/define-command"
. 
. Defining command \RemoveChemCompoundProperty with sig. 'm' on line 1373.
.................................................
.................................................
. LaTeX info: "xparse/define-command"
. 
. Defining command \NewChemBond with sig. 'mm' on line 1571.
.................................................
.................................................
. LaTeX info: "xparse/define-command"
. 
. Defining command \ProvideChemBond with sig. 'mm' on line 1574.
.................................................
.................................................
. LaTeX info: "xparse/define-command"
. 
. Defining command \DeclareChemBond with sig. 'mm' on line 1577.
.................................................
.................................................
. LaTeX info: "xparse/define-command"
. 
. Defining command \RenewChemBond with sig. 'mm' on line 1580.
.................................................
.................................................
. LaTeX info: "xparse/define-command"
. 
. Defining command \NewChemBondAlias with sig. 'mm' on line 1583.
.................................................
.................................................
. LaTeX info: "xparse/define-command"
. 
. Defining command \DeclareChemBondAlias with sig. 'mm' on line 1586.
.................................................
.................................................
. LaTeX info: "xparse/define-command"
. 
. Defining command \ShowChemBond with sig. 'm' on line 1589.
.................................................
.................................................
. LaTeX info: "xparse/define-command"
. 
. Defining command \bond with sig. 'm' on line 1592.
.................................................
.................................................
. LaTeX info: "xparse/define-command"
. 
. Defining command \chstoich with sig. 'm' on line 2191.
.................................................
\l__chemformula_additions_symbol_space_skip=\skip69
.................................................
. LaTeX info: "xparse/define-command"
. 
. Defining command \NewChemAdditionSymbol with sig. 'mmm' on line 2697.
.................................................
.................................................
. LaTeX info: "xparse/define-command"
. 
. Defining command \ProvideChemAdditionSymbol with sig. 'mmm' on line 2706.
.................................................
.................................................
. LaTeX info: "xparse/define-command"
. 
. Defining command \RenewChemAdditionSymbol with sig. 'mmm' on line 2715.
.................................................
.................................................
. LaTeX info: "xparse/define-command"
. 
. Defining command \DeclareChemAdditionSymbol with sig. 'mmm' on line 2718.
.................................................
\l__chemformula_plus_space_skip=\skip70
\l__chemformula_minus_space_skip=\skip71
.................................................
. LaTeX info: "xparse/define-command"
. 
. Defining command \NewChemSymbol with sig. 'mm' on line 2763.
.................................................
.................................................
. LaTeX info: "xparse/define-command"
. 
. Defining command \ProvideChemSymbol with sig. 'mm' on line 2769.
.................................................
.................................................
. LaTeX info: "xparse/define-command"
. 
. Defining command \RenewChemSymbol with sig. 'mm' on line 2776.
.................................................
.................................................
. LaTeX info: "xparse/define-command"
. 
. Defining command \DeclareChemSymbol with sig. 'mm' on line 2779.
.................................................
.................................................
. LaTeX info: "xparse/define-command"
. 
. Defining command \chlewis with sig. 'O{}mm' on line 3334.
.................................................
.................................................
. LaTeX info: "xparse/define-command"
. 
. Defining command \setchemformula with sig. 'm' on line 3339.
.................................................
)
("C:\Users\Moaraj Hasan\AppData\Roaming\MiKTeX\2.9\tex\latex\siunitx\siunitx.st
y"
Package: siunitx 2017/08/02 v2.7j A comprehensive (SI) units package
\l__siunitx_tmp_box=\box74
\l__siunitx_tmp_dim=\dimen318
\l__siunitx_tmp_int=\count310
\l__siunitx_number_mantissa_length_int=\count311
\l__siunitx_number_uncert_length_int=\count312
\l__siunitx_round_int=\count313
\l__siunitx_process_decimal_int=\count314
\l__siunitx_process_uncertainty_int=\count315
\l__siunitx_process_fixed_int=\count316
\l__siunitx_process_integer_min_int=\count317
\l__siunitx_process_precision_int=\count318
\l__siunitx_group_min_int=\count319
\l__siunitx_angle_marker_box=\box75
\l__siunitx_angle_unit_box=\box76
\l__siunitx_angle_marker_dim=\dimen319
\l__siunitx_angle_unit_dim=\dimen320
\l__siunitx_unit_int=\count320
\l__siunitx_unit_denominator_int=\count321
\l__siunitx_unit_numerator_int=\count322
\l__siunitx_unit_prefix_int=\count323
\l__siunitx_unit_prefix_base_int=\count324
\l__siunitx_unit_prefix_gram_int=\count325
\l__siunitx_number_product_int=\count326
\c__siunitx_one_fill_skip=\skip72
\l__siunitx_table_unit_align_skip=\skip73
\l__siunitx_table_exponent_dim=\dimen321
\l__siunitx_table_integer_dim=\dimen322
\l__siunitx_table_mantissa_dim=\dimen323
\l__siunitx_table_marker_dim=\dimen324
\l__siunitx_table_result_dim=\dimen325
\l__siunitx_table_uncert_dim=\dimen326
\l__siunitx_table_fill_pre_dim=\dimen327
\l__siunitx_table_fill_post_dim=\dimen328
\l__siunitx_table_fill_mid_dim=\dimen329
\l__siunitx_table_pre_box=\box77
\l__siunitx_table_post_box=\box78
\l__siunitx_table_mantissa_box=\box79
\l__siunitx_table_result_box=\box80
\l__siunitx_table_number_align_skip=\skip74
\l__siunitx_table_text_align_skip=\skip75
.................................................
. LaTeX info: "xparse/define-command"
. 
. Defining command \DeclareBinaryPrefix with sig. 'mmm' on line 7247.
.................................................
.................................................
. LaTeX info: "xparse/define-command"
. 
. Defining command \DeclareSIPostPower with sig. 'mm' on line 7250.
.................................................
.................................................
. LaTeX info: "xparse/define-command"
. 
. Defining command \DeclareSIPrefix with sig. 'mmm' on line 7253.
.................................................
.................................................
. LaTeX info: "xparse/define-command"
. 
. Defining command \DeclareSIPrePower with sig. 'mm' on line 7256.
.................................................
.................................................
. LaTeX info: "xparse/define-command"
. 
. Defining command \DeclareSIQualifier with sig. 'mm' on line 7259.
.................................................
.................................................
. LaTeX info: "xparse/define-command"
. 
. Defining command \DeclareSIUnit with sig. 'O{}mm' on line 7262.
.................................................
.................................................
. LaTeX info: "xparse/define-command"
. 
. Defining command \DeclareSIUnitWithOptions with sig. 'mmm' on line 7265.
.................................................
.................................................
. LaTeX info: "xparse/define-command"
. 
. Defining command \ang with sig. 'o>{\SplitArgument {2}{;}}m' on line 7280.
.................................................
.................................................
. LaTeX info: "xparse/define-command"
. 
. Defining command \num with sig. 'om' on line 7289.
.................................................
.................................................
. LaTeX info: "xparse/define-command"
. 
. Defining command \numlist with sig. 'o>{\SplitList {;}}m' on line 7298.
.................................................
.................................................
. LaTeX info: "xparse/define-command"
. 
. Defining command \numrange with sig. 'omm' on line 7307.
.................................................
.................................................
. LaTeX info: "xparse/define-command"
. 
. Defining command \SIlist with sig. 'o>{\SplitList {;}}mm' on line 7319.
.................................................
.................................................
. LaTeX info: "xparse/define-command"
. 
. Defining command \SIrange with sig. 'ommm' on line 7331.
.................................................
.................................................
. LaTeX info: "xparse/define-command"
. 
. Defining command \SI with sig. 'omom' on line 7343.
.................................................
.................................................
. LaTeX info: "xparse/define-command"
. 
. Defining command \sisetup with sig. 'm' on line 7346.
.................................................
.................................................
. LaTeX info: "xparse/define-command"
. 
. Defining command \tablenum with sig. 'om' on line 7361.
.................................................
.................................................
. LaTeX info: "xparse/define-command"
. 
. Defining command \si with sig. 'om' on line 7373.
.................................................
.................................................
. LaTeX info: "xparse/define-command"
. 
. Defining command \numInBookmark with sig. 'om' on line 7420.
.................................................
.................................................
. LaTeX info: "xparse/define-command"
. 
. Defining command \numrangeInBookmark with sig. 'omm' on line 7422.
.................................................
.................................................
. LaTeX info: "xparse/define-command"
. 
. Defining command \SIInBookmark with sig. 'omom' on line 7424.
.................................................
.................................................
. LaTeX info: "xparse/define-command"
. 
. Defining command \SIlistInBookmark with sig. 'omm' on line 7426.
.................................................
.................................................
. LaTeX info: "xparse/define-command"
. 
. Defining command \SIrangeInBookmark with sig. 'ommm' on line 7428.
.................................................
.................................................
. LaTeX info: "xparse/define-command"
. 
. Defining command \siInBookmark with sig. 'om' on line 7429.
.................................................
\g__file_internal_ior=\read2

("C:\Users\Moaraj Hasan\AppData\Roaming\MiKTeX\2.9\tex\latex\beamer\translator\
translator.sty"
Package: translator 2010/06/12 ver 1.10

("C:\Users\Moaraj Hasan\AppData\Roaming\MiKTeX\2.9\tex\latex\beamer\translator\
translator-language-mappings.tex")))
("C:\Users\Moaraj Hasan\AppData\Roaming\MiKTeX\2.9\tex\latex\was\gensymb.sty"
Package: gensymb 2003/07/02 v1.0 (WaS)
)
("C:\Users\Moaraj Hasan\AppData\Roaming\MiKTeX\2.9\tex\latex\epigraph\epigraph.
sty"
Package: epigraph 2009/09/02 v1.5c typesetting epigraphs
\beforeepigraphskip=\skip76
\afterepigraphskip=\skip77
\epigraphwidth=\skip78
\epigraphrule=\skip79
)
("C:\Users\Moaraj Hasan\AppData\Roaming\MiKTeX\2.9\tex\latex\csvsimple\csvsimpl
e.sty"
Package: csvsimple 2016/07/01 version 1.20 LaTeX CSV file processing

("C:\Users\Moaraj Hasan\AppData\Roaming\MiKTeX\2.9\tex\latex\etoolbox\etoolbox.
sty"
Package: etoolbox 2017/01/02 v2.4 e-TeX tools for LaTeX (JAW)
\etb@tempcnta=\count327
) ("D:\Program Files\MiKTeX 2.9\tex\latex\tools\shellesc.sty"
Package: shellesc 2016/06/07 v0.02a unified shell escape interface for LaTeX
Package shellesc Info: Restricted shell escape enabled on input line 69.
)
\csv@file=\read3
\c@csvinputline=\count328
\c@csvrow=\count329
\c@csvcol=\count330
\csv@out=\write4
)
("C:\Users\Moaraj Hasan\AppData\Roaming\MiKTeX\2.9\tex\latex\booktabs\booktabs.
sty"
Package: booktabs 2005/04/14 v1.61803 publication quality tables
\heavyrulewidth=\dimen330
\lightrulewidth=\dimen331
\cmidrulewidth=\dimen332
\belowrulesep=\dimen333
\belowbottomsep=\dimen334
\aboverulesep=\dimen335
\abovetopsep=\dimen336
\cmidrulesep=\dimen337
\cmidrulekern=\dimen338
\defaultaddspace=\dimen339
\@cmidla=\count331
\@cmidlb=\count332
\@aboverulesep=\dimen340
\@belowrulesep=\dimen341
\@thisruleclass=\count333
\@lastruleclass=\count334
\@thisrulewidth=\dimen342
)
("C:\Users\Moaraj Hasan\AppData\Roaming\MiKTeX\2.9\tex\latex\filecontents\filec
ontents.sty"
Package: filecontents 2011/10/08 v1.3 Create an external file from within a LaT
eX document
)
("C:\Users\Moaraj Hasan\AppData\Roaming\MiKTeX\2.9\tex\latex\setspace\setspace.
sty"
Package: setspace 2011/12/19 v6.7a set line spacing
)
("C:\Users\Moaraj Hasan\AppData\Roaming\MiKTeX\2.9\tex\latex\titlesec\titlesec.
sty"
Package: titlesec 2016/03/21 v2.10.2 Sectioning titles
\ttl@box=\box81
\beforetitleunit=\skip80
\aftertitleunit=\skip81
\ttl@plus=\dimen343
\ttl@minus=\dimen344
\ttl@toksa=\toks41
\titlewidth=\dimen345
\titlewidthlast=\dimen346
\titlewidthfirst=\dimen347
)
Package hyperref Info: Option `colorlinks' set `true' on input line 90.
 (Final_Thesis.aux)
\openout1 = `Final_Thesis.aux'.

LaTeX Font Info:    Checking defaults for OML/cmm/m/it on input line 100.
LaTeX Font Info:    ... okay on input line 100.
LaTeX Font Info:    Checking defaults for T1/cmr/m/n on input line 100.
LaTeX Font Info:    ... okay on input line 100.
LaTeX Font Info:    Checking defaults for OT1/cmr/m/n on input line 100.
LaTeX Font Info:    ... okay on input line 100.
LaTeX Font Info:    Checking defaults for OMS/cmsy/m/n on input line 100.
LaTeX Font Info:    ... okay on input line 100.
LaTeX Font Info:    Checking defaults for OMX/cmex/m/n on input line 100.
LaTeX Font Info:    ... okay on input line 100.
LaTeX Font Info:    Checking defaults for U/cmr/m/n on input line 100.
LaTeX Font Info:    ... okay on input line 100.
LaTeX Font Info:    Checking defaults for PD1/pdf/m/n on input line 100.
LaTeX Font Info:    ... okay on input line 100.
LaTeX Font Info:    Checking defaults for TS1/cmr/m/n on input line 100.
LaTeX Font Info:    Try loading font information for TS1+cmr on input line 100.

 ("D:\Program Files\MiKTeX 2.9\tex\latex\base\ts1cmr.fd"
File: ts1cmr.fd 2014/09/29 v2.5h Standard LaTeX font definitions
)
LaTeX Font Info:    ... okay on input line 100.
\AtBeginShipoutBox=\box82
Package hyperref Info: Link coloring ON on input line 100.
 ("D:\Program Files\MiKTeX 2.9\tex\latex\hyperref\nameref.sty"
Package: nameref 2016/05/21 v2.44 Cross-referencing by name of section

("D:\Program Files\MiKTeX 2.9\tex\generic\oberdiek\gettitlestring.sty"
Package: gettitlestring 2016/05/16 v1.5 Cleanup title references (HO)
)
\c@section@level=\count335
)
LaTeX Info: Redefining \ref on input line 100.
LaTeX Info: Redefining \pageref on input line 100.
LaTeX Info: Redefining \nameref on input line 100.

(Final_Thesis.out) (Final_Thesis.out)
\@outlinefile=\write5
\openout5 = `Final_Thesis.out'.


("C:\Users\Moaraj Hasan\AppData\Roaming\MiKTeX\2.9\tex\context\base\supp-pdf.mk
ii"
[Loading MPS to PDF converter (version 2006.09.02).]
\scratchcounter=\count336
\scratchdimen=\dimen348
\scratchbox=\box83
\nofMPsegments=\count337
\nofMParguments=\count338
\everyMPshowfont=\toks42
\MPscratchCnt=\count339
\MPscratchDim=\dimen349
\MPnumerator=\count340
\makeMPintoPDFobject=\count341
\everyMPtoPDFconversion=\toks43
) ("D:\Program Files\MiKTeX 2.9\tex\latex\oberdiek\epstopdf-base.sty"
Package: epstopdf-base 2016/05/15 v2.6 Base part for package epstopdf

("D:\Program Files\MiKTeX 2.9\tex\latex\oberdiek\grfext.sty"
Package: grfext 2016/05/16 v1.2 Manage graphics extensions (HO)
)
Package epstopdf-base Info: Redefining graphics rule for `.eps' on input line 4
38.
Package grfext Info: Graphics extension search list:
(grfext)             [.png,.pdf,.jpg,.mps,.jpeg,.jbig2,.jb2,.PNG,.PDF,.JPG,.JPE
G,.JBIG2,.JB2,.eps]
(grfext)             \AppendGraphicsExtensions on input line 456.
)
("D:\Program Files\MiKTeX 2.9\tex\latex\oberdiek\pdflscape.sty"
Package: pdflscape 2016/05/14 v0.11 Display of landscape pages in PDF (HO)
Package pdflscape Info: Auto-detected driver: pdftex on input line 81.
)
Package caption Info: Begin \AtBeginDocument code.
Package caption Info: End \AtBeginDocument code.

ABD: EveryShipout initializing macros
("C:\Users\Moaraj Hasan\AppData\Roaming\MiKTeX\2.9\tex\latex\beamer\translator\
dicts\translator-basic-dictionary\translator-basic-dictionary-English.dict"
Dictionary: translator-basic-dictionary, Language: English 
)
("C:\Users\Moaraj Hasan\AppData\Roaming\MiKTeX\2.9\tex\latex\siunitx\siunitx-ab
breviations.cfg"
File: siunitx-abbreviations.cfg 2017/08/02 v2.7j siunitx: Abbreviated units
)
\symgns@font=\mathgroup4
LaTeX Font Info:    Overwriting symbol font `gns@font' in version `bold'
(Font)                  TS1/cmr/m/n --> TS1/cmr/bx/n on input line 100.
Package gensymb Info: Math companion symbols declared on input line 100.
LaTeX Info: Redefining \degree on input line 100.
LaTeX Info: Redefining \celsius on input line 100.
Package gensymb Info: Using text companion symbols for \degree, \celsius and \p
erthousand on input line 100.
LaTeX Info: Redefining \ohm on input line 100.
Package gensymb Info: Using \textohm for \ohm on input line 100.
LaTeX Info: Redefining \micro on input line 100.
Package gensymb Info: Using \textmu for \micro on input line 100.
\c__siunitx_mathsf_int=\count342
\c__siunitx_mathtt_int=\count343

Overfull \hbox (26.02965pt too wide) in paragraph at lines 103--103
 [][] 
 []

[1


{C:/ProgramData/MiKTeX/2.9/pdftex/config/pdftex.map}]
Missing character: There is no  in font cmr9!
Missing character: There is no  in font cmr9!
Missing character: There is no  in font cmr9!
Missing character: There is no  in font cmr9!
Missing character: There is no  in font cmr9!
Missing character: There is no  in font cmr9!
 [2

] (Final_Thesis.toc
[3

] [4])
\tf@toc=\write6
\openout6 = `Final_Thesis.toc'.

 [5]
Underfull \vbox (badness 10000) has occurred while \output is active []

 [6

]
[7]
Chapter 1.
Missing character: There is no  in font cmr10!
Missing character: There is no  in font cmr10!
Missing character: There is no  in font cmr10!

<1.Introduction_Figures/Experiment_Process.pdf, id=481, 794.97pt x 291.0875pt>
File: 1.Introduction_Figures/Experiment_Process.pdf Graphic file (type pdf)

<use 1.Introduction_Figures/Experiment_Process.pdf>
Package pdftex.def Info: 1.Introduction_Figures/Experiment_Process.pdf used on 
input line 143.
(pdftex.def)             Requested size: 345.0pt x 126.32889pt.
 [8

]
<1.Introduction_Figures/Reductionnist_genetics.PNG, id=492, 530.73282pt x 372.6
4218pt>
File: 1.Introduction_Figures/Reductionnist_genetics.PNG Graphic file (type png)

 <use 1.Introduction_Figures/Reductionnist_genetics.PNG>
Package pdftex.def Info: 1.Introduction_Figures/Reductionnist_genetics.PNG used
 on input line 156.
(pdftex.def)             Requested size: 310.4979pt x 218.009pt.

Underfull \vbox (badness 10000) has occurred while \output is active []

 [9 <./1.Introduction_Figures/Experiment_Process.pdf>] [10 <./1.Introduction_Fi
gures/Reductionnist_genetics.PNG>]
<1.Introduction_Figures/Forward_Genetics.pdf, id=1452, 722.7pt x 301.125pt>
File: 1.Introduction_Figures/Forward_Genetics.pdf Graphic file (type pdf)

<use 1.Introduction_Figures/Forward_Genetics.pdf>
Package pdftex.def Info: 1.Introduction_Figures/Forward_Genetics.pdf used on in
put line 171.
(pdftex.def)             Requested size: 241.49895pt x 100.62593pt.
Missing character: There is no  in font cmr10!
Missing character: There is no  in font cmr10!
Missing character: There is no  in font cmr10!
Missing character: There is no  in font cmr10!
Missing character: There is no  in font cmr10!
Missing character: There is no  in font cmr10!
 [11 <./1.Introduction_Figures/Forward_Genetics.pdf>]
<1.Introduction_Figures/nrg3575-f1.jpg, id=1481, 402.50375pt x 414.54875pt>
File: 1.Introduction_Figures/nrg3575-f1.jpg Graphic file (type jpg)

<use 1.Introduction_Figures/nrg3575-f1.jpg>
Package pdftex.def Info: 1.Introduction_Figures/nrg3575-f1.jpg used on input li
ne 188.
(pdftex.def)             Requested size: 172.5pt x 177.65788pt.
 [12 <./1.Introduction_Figures/nrg3575-f1.jpg>] [13]
<1.Introduction_Figures/BodyWeights.pdf, id=1516, 397.485pt x 238.49101pt>
File: 1.Introduction_Figures/BodyWeights.pdf Graphic file (type pdf)

<use 1.Introduction_Figures/BodyWeights.pdf>
Package pdftex.def Info: 1.Introduction_Figures/BodyWeights.pdf used on input l
ine 231.
(pdftex.def)             Requested size: 345.0pt x 207.00513pt.
 [14]
Underfull \vbox (badness 10000) has occurred while \output is active []

 [15 <./1.Introduction_Figures/BodyWeights.pdf>]
<QTL_Results/QTL_Introduction.pdf, id=1584, 597.51233pt x 393.47pt>
File: QTL_Results/QTL_Introduction.pdf Graphic file (type pdf)

<use QTL_Results/QTL_Introduction.pdf>
Package pdftex.def Info: QTL_Results/QTL_Introduction.pdf used on input line 25
1.
(pdftex.def)             Requested size: 345.0pt x 227.18608pt.
LaTeX Font Info:    Try loading font information for OMS+cmr on input line 265.


("D:\Program Files\MiKTeX 2.9\tex\latex\base\omscmr.fd"
File: omscmr.fd 2014/09/29 v2.5h Standard LaTeX font definitions
)
LaTeX Font Info:    Font shape `OMS/cmr/m/n' in size <10> not available
(Font)              Font shape `OMS/cmsy/m/n' tried instead on input line 265.

Underfull \vbox (badness 10000) has occurred while \output is active []

 [16]
Underfull \vbox (badness 10000) has occurred while \output is active []

 [17 <./QTL_Results/QTL_Introduction.pdf>] [18]
<1.Introduction_Figures/BXDs.png, id=1682, 593.21625pt x 350.30875pt>
File: 1.Introduction_Figures/BXDs.png Graphic file (type png)

<use 1.Introduction_Figures/BXDs.png>
Package pdftex.def Info: 1.Introduction_Figures/BXDs.png used on input line 295
.
(pdftex.def)             Requested size: 345.0pt x 203.73512pt.

Underfull \vbox (badness 10000) has occurred while \output is active []

 [19 <./1.Introduction_Figures/BXDs.png>] [20]
<1.Introduction_Figures/Multiomics.pdf, id=1721, 693.792pt x 289.08pt>
File: 1.Introduction_Figures/Multiomics.pdf Graphic file (type pdf)

<use 1.Introduction_Figures/Multiomics.pdf>
Package pdftex.def Info: 1.Introduction_Figures/Multiomics.pdf used on input li
ne 318.
(pdftex.def)             Requested size: 345.0pt x 143.75006pt.
 [21 <./1.Introduction_Figures/Multiomics.pdf>] [22]
Chapter 2.

Overfull \hbox (2.68127pt too wide) in paragraph at lines 329--329
|[]\OT1/cmr/bx/n/14.4 Introduction to Non-Targeted Metabolomics| 
 []


Underfull \vbox (badness 10000) has occurred while \output is active []

 [23

]
<3.Metabolomics/pipeline.pdf, id=1815, 578.16pt x 794.97pt>
File: 3.Metabolomics/pipeline.pdf Graphic file (type pdf)

<use 3.Metabolomics/pipeline.pdf>
Package pdftex.def Info: 3.Metabolomics/pipeline.pdf used on input line 348.
(pdftex.def)             Requested size: 578.15858pt x 794.96806pt.
File: 3.Metabolomics/pipeline.pdf Graphic file (type pdf)
 <use 3.Metabolomics/pipeline.pdf>
Package pdftex.def Info: 3.Metabolomics/pipeline.pdf used on input line 348.
(pdftex.def)             Requested size: 578.15858pt x 794.96806pt.

<3.Metabolomics/pipeline.pdf, id=1818, page=1, 578.16pt x 794.97pt>
File: 3.Metabolomics/pipeline.pdf Graphic file (type pdf)

<use 3.Metabolomics/pipeline.pdf, page 1>
Package pdftex.def Info: 3.Metabolomics/pipeline.pdf, page1 used on input line 
348.
(pdftex.def)             Requested size: 578.15858pt x 794.96806pt.
File: 3.Metabolomics/pipeline.pdf Graphic file (type pdf)

<use 3.Metabolomics/pipeline.pdf, page 1>
Package pdftex.def Info: 3.Metabolomics/pipeline.pdf, page1 used on input line 
348.
(pdftex.def)             Requested size: 597.66402pt x 821.78804pt.
 [24]
File: 3.Metabolomics/pipeline.pdf Graphic file (type pdf)

<use 3.Metabolomics/pipeline.pdf, page 1>
Package pdftex.def Info: 3.Metabolomics/pipeline.pdf, page1 used on input line 
348.
(pdftex.def)             Requested size: 597.66402pt x 821.78804pt.
File: 3.Metabolomics/pipeline.pdf Graphic file (type pdf)

<use 3.Metabolomics/pipeline.pdf, page 1>
Package pdftex.def Info: 3.Metabolomics/pipeline.pdf, page1 used on input line 
348.
(pdftex.def)             Requested size: 597.66402pt x 821.78804pt.
File: 3.Metabolomics/pipeline.pdf Graphic file (type pdf)

<use 3.Metabolomics/pipeline.pdf, page 1>
Package pdftex.def Info: 3.Metabolomics/pipeline.pdf, page1 used on input line 
348.
(pdftex.def)             Requested size: 597.66402pt x 821.78804pt.
 [25 <./3.Metabolomics/pipeline.pdf>]
Overfull \hbox (2.02458pt too wide) in paragraph at lines 350--350
|[]\OT1/cmr/bx/n/14.4 Metabolite Ex-trac-tion Pro-to-col & Op-ti-miza-
 []

[26] <3.Metabolomics/Procedure.pdf, id=1901, 722.7pt x 481.8pt>
File: 3.Metabolomics/Procedure.pdf Graphic file (type pdf)

<use 3.Metabolomics/Procedure.pdf>
Package pdftex.def Info: 3.Metabolomics/Procedure.pdf used on input line 377.
(pdftex.def)             Requested size: 345.0pt x 229.99687pt.

Overfull \hbox (10.13332pt too wide) in paragraph at lines 377--378
 [][] 
 []

[27 <./3.Metabolomics/Procedure.pdf>]
<2.Optimizaiton_Figures/Metab-Cold-Proto-MH-20170120.png, id=2096, 997.5669pt x
 405.4347pt>
File: 2.Optimizaiton_Figures/Metab-Cold-Proto-MH-20170120.png Graphic file (typ
e png)
 <use 2.Optimizaiton_Figures/Metab-Cold-Proto-MH-20170120.png>
Package pdftex.def Info: 2.Optimizaiton_Figures/Metab-Cold-Proto-MH-20170120.pn
g used on input line 397.
(pdftex.def)             Requested size: 345.0pt x 140.21536pt.

[28 <./2.Optimizaiton_Figures/Metab-Cold-Proto-MH-20170120.png (PNG copy)>]
<2.Optimizaiton_Figures/bubbles1.pdf, id=2105, 597.50829pt x 845.0471pt>
File: 2.Optimizaiton_Figures/bubbles1.pdf Graphic file (type pdf)

<use 2.Optimizaiton_Figures/bubbles1.pdf>
Package pdftex.def Info: 2.Optimizaiton_Figures/bubbles1.pdf used on input line
 414.
(pdftex.def)             Requested size: 338.26749pt x 478.40182pt.

<2.Optimizaiton_Figures/Hot_H1_01.png, id=2111, 301.125pt x 303.534pt>
File: 2.Optimizaiton_Figures/Hot_H1_01.png Graphic file (type png)

<use 2.Optimizaiton_Figures/Hot_H1_01.png>
Package pdftex.def Info: 2.Optimizaiton_Figures/Hot_H1_01.png used on input lin
e 424.
(pdftex.def)             Requested size: 172.5pt x 173.8869pt.
 [29] [30 <./2.Optimizaiton_Figures/bubbles1.pdf>]
<2.Optimizaiton_Figures/H1-H24-H2-01.png, id=2465, 502.2765pt x 301.125pt>
File: 2.Optimizaiton_Figures/H1-H24-H2-01.png Graphic file (type png)

<use 2.Optimizaiton_Figures/H1-H24-H2-01.png>
Package pdftex.def Info: 2.Optimizaiton_Figures/H1-H24-H2-01.png used on input 
line 435.
(pdftex.def)             Requested size: 299.25293pt x 179.40182pt.
 [31 <./2.Optimizaiton_Figures/Hot_H1_01.png (PNG copy)> <./2.Optimizaiton_Figu
res/H1-H24-H2-01.png (PNG copy)>]
<2.Optimizaiton_Figures/NH24.png, id=2473, 445.1832pt x 268.6035pt>
File: 2.Optimizaiton_Figures/NH24.png Graphic file (type png)

<use 2.Optimizaiton_Figures/NH24.png>
Package pdftex.def Info: 2.Optimizaiton_Figures/NH24.png used on input line 446
.
(pdftex.def)             Requested size: 297.34735pt x 179.40182pt.
 [32 <./2.Optimizaiton_Figures/NH24.png (PNG copy)>]
<2.Optimizaiton_Figures/Extraction_Details.pdf, id=2482, 597.51233pt x 341.275p
t>
File: 2.Optimizaiton_Figures/Extraction_Details.pdf Graphic file (type pdf)
 <use 2.Optimizaiton_Figures/Extraction_Details.pdf>
Package pdftex.def Info: 2.Optimizaiton_Figures/Extraction_Details.pdf used on 
input line 469.
(pdftex.def)             Requested size: 345.0pt x 197.04916pt.
 [33]
<2.Optimizaiton_Figures/Freeze_Thaw.pdf, id=2500, 614.295pt x 252.945pt>
File: 2.Optimizaiton_Figures/Freeze_Thaw.pdf Graphic file (type pdf)

<use 2.Optimizaiton_Figures/Freeze_Thaw.pdf>
Package pdftex.def Info: 2.Optimizaiton_Figures/Freeze_Thaw.pdf used on input l
ine 484.
(pdftex.def)             Requested size: 345.0pt x 142.0612pt.
 [34 <./2.Optimizaiton_Figures/Extraction_Details.pdf>]
<2.Optimizaiton_Figures/TIC_All_Mice_Final.pdf, id=2541, 552.0625pt x 361.35pt>
File: 2.Optimizaiton_Figures/TIC_All_Mice_Final.pdf Graphic file (type pdf)
<use 2.Optimizaiton_Figures/TIC_All_Mice_Final.pdf>
Package pdftex.def Info: 2.Optimizaiton_Figures/TIC_All_Mice_Final.pdf used on 
input line 499.
(pdftex.def)             Requested size: 345.0pt x 225.82664pt.

<2.Optimizaiton_Figures/TIC_Blank_Final.pdf, id=2542, 552.0625pt x 361.35pt>
File: 2.Optimizaiton_Figures/TIC_Blank_Final.pdf Graphic file (type pdf)

<use 2.Optimizaiton_Figures/TIC_Blank_Final.pdf>
Package pdftex.def Info: 2.Optimizaiton_Figures/TIC_Blank_Final.pdf used on inp
ut line 500.
(pdftex.def)             Requested size: 345.0pt x 225.82664pt.
 [35 <./2.Optimizaiton_Figures/Freeze_Thaw.pdf>] [36 <./2.Optimizaiton_Figures/
TIC_All_Mice_Final.pdf> <./2.Optimizaiton_Figures/TIC_Blank_Final.pdf>]
<3.Metabolomics/MS.pdf, id=5852, 578.16pt x 361.35pt>
File: 3.Metabolomics/MS.pdf Graphic file (type pdf)

<use 3.Metabolomics/MS.pdf>
Package pdftex.def Info: 3.Metabolomics/MS.pdf used on input line 522.
(pdftex.def)             Requested size: 276.00105pt x 172.49767pt.
 [37

 <./3.Metabolomics/MS.pdf>]
<3.Metabolomics/Peak_filtering.png, id=6066, 756.6669pt x 319.9152pt>
File: 3.Metabolomics/Peak_filtering.png Graphic file (type png)

<use 3.Metabolomics/Peak_filtering.png>
Package pdftex.def Info: 3.Metabolomics/Peak_filtering.png used on input line 5
33.
(pdftex.def)             Requested size: 345.0pt x 145.86429pt.
 [38 <./3.Metabolomics/Peak_filtering.png (PNG copy)>]
<3.Metabolomics/Raw_Signal.pdf, id=6084, 612.2875pt x 519.9425pt>
File: 3.Metabolomics/Raw_Signal.pdf Graphic file (type pdf)

<use 3.Metabolomics/Raw_Signal.pdf>
Package pdftex.def Info: 3.Metabolomics/Raw_Signal.pdf used on input line 544.
(pdftex.def)             Requested size: 345.0pt x 292.96677pt.
 [39 <./3.Metabolomics/Raw_Signal.pdf>]
<3.Metabolomics/Factor_Densities_Final.pdf, id=6523, 505.89pt x 542.025pt>
File: 3.Metabolomics/Factor_Densities_Final.pdf Graphic file (type pdf)

<use 3.Metabolomics/Factor_Densities_Final.pdf>
Package pdftex.def Info: 3.Metabolomics/Factor_Densities_Final.pdf used on inpu
t line 559.
(pdftex.def)             Requested size: 207.0021pt x 221.79333pt.


Package caption Warning: \label without proper reference on input line 1087.
See the caption package documentation for explanation.


LaTeX Warning: Reference `appendix:Metabolome Coverage' on page 40 undefined on
 input line 566.

<3.Metabolomics/Metabolite_Set_Overlap.pdf, id=6525, 531.9875pt x 501.875pt>
File: 3.Metabolomics/Metabolite_Set_Overlap.pdf Graphic file (type pdf)

<use 3.Metabolomics/Metabolite_Set_Overlap.pdf>
Package pdftex.def Info: 3.Metabolomics/Metabolite_Set_Overlap.pdf used on inpu
t line 570.
(pdftex.def)             Requested size: 241.49895pt x 227.82507pt.
 [40 <./3.Metabolomics/Factor_Densities_Final.pdf>]
<3.Metabolomics/CV_TIC.pdf, id=6790, 794.97pt x 317.98799pt>
File: 3.Metabolomics/CV_TIC.pdf Graphic file (type pdf)

<use 3.Metabolomics/CV_TIC.pdf>
Package pdftex.def Info: 3.Metabolomics/CV_TIC.pdf used on input line 580.
(pdftex.def)             Requested size: 448.50105pt x 179.40637pt.
 [41 <./3.Metabolomics/Metabolite_Set_Overlap.pdf> <./3.Metabolomics/CV_TIC.pdf
>]
<3.Metabolomics/Good_and_Bad_Metabolites.pdf, id=6868, 597.51233pt x 411.5375pt
>
File: 3.Metabolomics/Good_and_Bad_Metabolites.pdf Graphic file (type pdf)
 <use 3.Metabolomics/Good_and_Bad_Metabolites.pdf>
Package pdftex.def Info: 3.Metabolomics/Good_and_Bad_Metabolites.pdf used on in
put line 589.
(pdftex.def)             Requested size: 345.0pt x 237.61812pt.
 [42 <./3.Metabolomics/Good_and_Bad_Metabolites.pdf>]

LaTeX Warning: Reference `Fig:Clustering Analysis' on page 43 undefined on inpu
t line 598.


<5.Clustering_Results/Clustering_Results_1_Done.pdf, id=6940, 614.295pt x 371.3
875pt>
File: 5.Clustering_Results/Clustering_Results_1_Done.pdf Graphic file (type pdf
)
 <use 5.Clustering_Results/Clustering_Results_1_Done.pdf>
Package pdftex.def Info: 5.Clustering_Results/Clustering_Results_1_Done.pdf use
d on input line 601.
(pdftex.def)             Requested size: 207.0021pt x 125.14803pt.

<5.Clustering_Results/Clustering_Results_6_Final.pdf, id=6941, 614.295pt x 371.
3875pt>
File: 5.Clustering_Results/Clustering_Results_6_Final.pdf Graphic file (type pd
f)
 <use 5.Clustering_Results/Clustering_Results_6_Final.pdf>
Package pdftex.def Info: 5.Clustering_Results/Clustering_Results_6_Final.pdf us
ed on input line 601.
(pdftex.def)             Requested size: 207.0021pt x 125.14803pt.
 [43 <./5.Clustering_Results/Clustering_Results_1_Done.pdf> <./5.Clustering_Res
ults/Clustering_Results_6_Final.pdf>]
<3.Metabolomics/Volcano.pdf, id=6991, 751.60799pt x 448.07399pt>
File: 3.Metabolomics/Volcano.pdf Graphic file (type pdf)

<use 3.Metabolomics/Volcano.pdf>
Package pdftex.def Info: 3.Metabolomics/Volcano.pdf used on input line 618.
(pdftex.def)             Requested size: 345.0pt x 205.67212pt.
 [44 <./3.Metabolomics/Volcano.pdf>]
Missing character: There is no  in font cmr10!
Missing character: There is no  in font cmr10!
 [45]
<3.Metabolomics/Top_3_Diet_Metabolites.pdf, id=7097, 597.51233pt x 451.6875pt>
File: 3.Metabolomics/Top_3_Diet_Metabolites.pdf Graphic file (type pdf)

<use 3.Metabolomics/Top_3_Diet_Metabolites.pdf>
Package pdftex.def Info: 3.Metabolomics/Top_3_Diet_Metabolites.pdf used on inpu
t line 643.
(pdftex.def)             Requested size: 276.00105pt x 208.64029pt.
Missing character: There is no  in font cmr10!
Missing character: There is no  in font cmr10!
Missing character: There is no  in font cmr10!
Missing character: There is no  in font cmr10!
Missing character: There is no  in font cmr10!
Missing character: There is no  in font cmr10!

Underfull \vbox (badness 1342) has occurred while \output is active []

 [46 <./3.Metabolomics/Top_3_Diet_Metabolites.pdf>]
<QTL_Results/QTL_Densities.pdf, id=7184, 845.0471pt x 471.7625pt>
File: QTL_Results/QTL_Densities.pdf Graphic file (type pdf)

<use QTL_Results/QTL_Densities.pdf>
Package pdftex.def Info: QTL_Results/QTL_Densities.pdf used on input line 656.
(pdftex.def)             Requested size: 345.0pt x 192.60324pt.

<QTL_Results/D2HG_QTL.pdf, id=7185, 597.51233pt x 441.65pt>
File: QTL_Results/D2HG_QTL.pdf Graphic file (type pdf)

<use QTL_Results/D2HG_QTL.pdf>
Package pdftex.def Info: QTL_Results/D2HG_QTL.pdf used on input line 664.
(pdftex.def)             Requested size: 345.0pt x 255.00479pt.

<3.Metabolomics/QTL_Results.pdf, id=7186, 597.6729pt x 281.85298pt>
File: 3.Metabolomics/QTL_Results.pdf Graphic file (type pdf)

<use 3.Metabolomics/QTL_Results.pdf>
Package pdftex.def Info: 3.Metabolomics/QTL_Results.pdf used on input line 671.

(pdftex.def)             Requested size: 345.0pt x 162.69641pt.

Underfull \vbox (badness 1960) has occurred while \output is active []

 [47 <./QTL_Results/QTL_Densities.pdf>] [48 <./QTL_Results/D2HG_QTL.pdf>] [49 <
./3.Metabolomics/QTL_Results.pdf>]
<3.Metabolomics/KEGG_Path_Correlations.pdf, id=7440, 614.295pt x 224.037pt>
File: 3.Metabolomics/KEGG_Path_Correlations.pdf Graphic file (type pdf)

<use 3.Metabolomics/KEGG_Path_Correlations.pdf>
Package pdftex.def Info: 3.Metabolomics/KEGG_Path_Correlations.pdf used on inpu
t line 687.
(pdftex.def)             Requested size: 345.0pt x 125.82564pt.

<3.Metabolomics/MSEA.pdf, id=7444, 520.34402pt x 281.85298pt>
File: 3.Metabolomics/MSEA.pdf Graphic file (type pdf)

<use 3.Metabolomics/MSEA.pdf>
Package pdftex.def Info: 3.Metabolomics/MSEA.pdf used on input line 696.
(pdftex.def)             Requested size: 592.02328pt x 320.69643pt.
Missing character: There is no  in font cmr8!
Missing character: There is no  in font cmr8!
 [50 <./3.Metabolomics/KEGG_Path_Correlations.pdf>] [51 <./3.Metabolomics/MSEA.
pdf>]
Chapter 3.

Underfull \vbox (badness 10000) has occurred while \output is active []

 [52

]
<3.Proteomics/peptide_frags.pdf, id=7583, 350.06082pt x 195.06476pt>
File: 3.Proteomics/peptide_frags.pdf Graphic file (type pdf)

<use 3.Proteomics/peptide_frags.pdf>
Package pdftex.def Info: 3.Proteomics/peptide_frags.pdf used on input line 715.

(pdftex.def)             Requested size: 207.0021pt x 115.3521pt.

<3.Proteomics/Mass_Spec.pdf, id=7592, 578.16pt x 426.39299pt>
File: 3.Proteomics/Mass_Spec.pdf Graphic file (type pdf)

<use 3.Proteomics/Mass_Spec.pdf>
Package pdftex.def Info: 3.Proteomics/Mass_Spec.pdf used on input line 727.
(pdftex.def)             Requested size: 310.4979pt x 228.99307pt.


Package natbib Warning: Citation `-' on page 53 undefined on input line 728.

[53 <./3.Proteomics/peptide_frags.pdf>]
<3.Proteomics/XIC.pdf, id=7660, 597.50829pt x 230.8625pt>
File: 3.Proteomics/XIC.pdf Graphic file (type pdf)

<use 3.Proteomics/XIC.pdf>
Package pdftex.def Info: 3.Proteomics/XIC.pdf used on input line 739.
(pdftex.def)             Requested size: 345.0pt x 133.29796pt.
 [54 <./3.Proteomics/Mass_Spec.pdf>]
<3.Proteomics/DIA_SWATH_Principle_1.pdf, id=7717, 505.56178pt x 238.49101pt>
File: 3.Proteomics/DIA_SWATH_Principle_1.pdf Graphic file (type pdf)

<use 3.Proteomics/DIA_SWATH_Principle_1.pdf>
Package pdftex.def Info: 3.Proteomics/DIA_SWATH_Principle_1.pdf used on input l
ine 749.
(pdftex.def)             Requested size: 345.0pt x 162.75761pt.
 [55 <./3.Proteomics/XIC.pdf>]
Overfull \hbox (7.47173pt too wide) in paragraph at lines 758--759
\OT1/cmr/m/n/10 which al-lows the au-to-mated pro-cess-ing the SWATH data and s
pec-tral li-brary([][]Rost
 []

[56 <./3.Proteomics/DIA_SWATH_Principle_1.pdf>]
<3.Proteomics/Spectral_Library_Gen.pdf, id=8050, 578.16pt x 289.08pt>
File: 3.Proteomics/Spectral_Library_Gen.pdf Graphic file (type pdf)

<use 3.Proteomics/Spectral_Library_Gen.pdf>
Package pdftex.def Info: 3.Proteomics/Spectral_Library_Gen.pdf used on input li
ne 775.
(pdftex.def)             Requested size: 345.0pt x 172.49655pt.
 [57]
Underfull \vbox (badness 2080) has occurred while \output is active []

 [58 <./3.Proteomics/Spectral_Library_Gen.pdf>]
<3.Proteomics/DIA_SWATH_Principle_2.pdf, id=8172, 1074.0125pt x 794.97pt>
File: 3.Proteomics/DIA_SWATH_Principle_2.pdf Graphic file (type pdf)

<use 3.Proteomics/DIA_SWATH_Principle_2.pdf>
Package pdftex.def Info: 3.Proteomics/DIA_SWATH_Principle_2.pdf used on input l
ine 795.
(pdftex.def)             Requested size: 345.0pt x 255.36601pt.
Missing character: There is no  in font cmr10!
Missing character: There is no  in font cmr10!
Missing character: There is no  in font cmr10!
 [59]
Missing character: There is no  in font cmr10!
Missing character: There is no  in font cmr10!
Missing character: There is no  in font cmr10!

Underfull \vbox (badness 10000) has occurred while \output is active []

 [60 <./3.Proteomics/DIA_SWATH_Principle_2.pdf>]
<3.Proteomics/protein_cvs_figure.pdf, id=8312, 505.89pt x 331.2375pt>
File: 3.Proteomics/protein_cvs_figure.pdf Graphic file (type pdf)

<use 3.Proteomics/protein_cvs_figure.pdf>
Package pdftex.def Info: 3.Proteomics/protein_cvs_figure.pdf used on input line
 814.
(pdftex.def)             Requested size: 345.0pt x 225.89557pt.
 [61 <./3.Proteomics/protein_cvs_figure.pdf>]
<3.Proteomics/Protein_foldchanges.png, id=8396, 744.7825pt x 421.575pt>
File: 3.Proteomics/Protein_foldchanges.png Graphic file (type png)

<use 3.Proteomics/Protein_foldchanges.png>
Package pdftex.def Info: 3.Proteomics/Protein_foldchanges.png used on input lin
e 831.
(pdftex.def)             Requested size: 345.0pt x 195.29057pt.

Underfull \vbox (badness 10000) has occurred while \output is active []

 [62 <./3.Proteomics/Protein_foldchanges.png>]
Overfull \hbox (2.72278pt too wide) in paragraph at lines 842--843
\OT1/cmr/m/n/10 ROC(receiver op-er-at-ing char-ac-ter-is-tic curve) curves orig
-i-nally de-vel-oped in world
 []

[63]
<3.Proteomics/Proteomics_Vingette_Random_Forest_Age.pdf, id=8421, 614.295pt x 7
94.97pt>
File: 3.Proteomics/Proteomics_Vingette_Random_Forest_Age.pdf Graphic file (type
 pdf)
 <use 3.Proteomics/Proteomics_Vingette_Random_Forest_Age.pdf>
Package pdftex.def Info: 3.Proteomics/Proteomics_Vingette_Random_Forest_Age.pdf
 used on input line 852.
(pdftex.def)             Requested size: 327.74895pt x 424.14632pt.

Underfull \vbox (badness 10000) has occurred while \output is active []

 [64 <./3.Proteomics/Proteomics_Vingette_Random_Forest_Age.pdf>]
<"3.Proteomics/Proteomics_Vingette_SVM_Age".pdf, id=8519, 614.295pt x 794.97pt>
File: "3.Proteomics/Proteomics_Vingette_SVM_Age".pdf Graphic file (type pdf)
<use "3.Proteomics/Proteomics_Vingette_SVM_Age".pdf>
Package pdftex.def Info: "3.Proteomics/Proteomics_Vingette_SVM_Age".pdf used on
 input line 864.
(pdftex.def)             Requested size: 327.74895pt x 424.14632pt.

Underfull \vbox (badness 10000) has occurred while \output is active []

 [65 <./3.Proteomics/Proteomics_Vingette_SVM_Age.pdf>] [66]
Chapter 4.

<3.Trancriptomics/Affimetrix_Chip_ZoomIn.png, id=8599, 1357.07pt x 765.86125pt>
File: 3.Trancriptomics/Affimetrix_Chip_ZoomIn.png Graphic file (type png)
<use 3.Trancriptomics/Affimetrix_Chip_ZoomIn.png>
Package pdftex.def Info: 3.Trancriptomics/Affimetrix_Chip_ZoomIn.png used on in
put line 882.
(pdftex.def)             Requested size: 345.0pt x 194.6902pt.
Missing character: There is no  in font cmr10!
Missing character: There is no  in font cmr10!

Underfull \vbox (badness 10000) has occurred while \output is active []

 [67

]
Underfull \vbox (badness 10000) has occurred while \output is active []

 [68 <./3.Trancriptomics/Affimetrix_Chip_ZoomIn.png>]

Package natbib Warning: Citation `' on page 69 undefined on input line 901.


Overfull \hbox (59.85152pt too wide) in paragraph at lines 909--909
[] 
 []

[69]

Package natbib Warning: Citation `' on page 70 undefined on input line 944.


Package natbib Warning: Citation `' on page 70 undefined on input line 948.


Package natbib Warning: Citation `' on page 70 undefined on input line 948.


Overfull \hbox (2.50066pt too wide) in paragraph at lines 948--949
\OT1/cmr/m/n/10 vari-ance and ex-pected val-ues plot-ted against each-other il-
lus-trat-ing the quadratic
 []

[70]
<3.Trancriptomics/Variance_stablizaiton.pdf, id=8649, 803.0pt x 351.3125pt>
File: 3.Trancriptomics/Variance_stablizaiton.pdf Graphic file (type pdf)

<use 3.Trancriptomics/Variance_stablizaiton.pdf>
Package pdftex.def Info: 3.Trancriptomics/Variance_stablizaiton.pdf used on inp
ut line 951.
(pdftex.def)             Requested size: 345.0pt x 150.93813pt.


Package natbib Warning: Citation `' on page 71 undefined on input line 952.

[71 <./3.Trancriptomics/Variance_stablizaiton.pdf>]
<3.Trancriptomics/transcript_CV_figure.pdf, id=8719, 614.295pt x 289.08pt>
File: 3.Trancriptomics/transcript_CV_figure.pdf Graphic file (type pdf)

<use 3.Trancriptomics/transcript_CV_figure.pdf>
Package pdftex.def Info: 3.Trancriptomics/transcript_CV_figure.pdf used on inpu
t line 978.
(pdftex.def)             Requested size: 310.4979pt x 146.11877pt.

<3.Trancriptomics/VolcanoTranscrpt.pdf, id=8720, 476.98201pt x 289.08pt>
File: 3.Trancriptomics/VolcanoTranscrpt.pdf Graphic file (type pdf)

<use 3.Trancriptomics/VolcanoTranscrpt.pdf>
Package pdftex.def Info: 3.Trancriptomics/VolcanoTranscrpt.pdf used on input li
ne 989.
(pdftex.def)             Requested size: 345.0pt x 209.09462pt.

<3.Trancriptomics/Protein_RNA_COrr.pdf, id=8721, 673.51625pt x 208.78pt>
File: 3.Trancriptomics/Protein_RNA_COrr.pdf Graphic file (type pdf)

<use 3.Trancriptomics/Protein_RNA_COrr.pdf>
Package pdftex.def Info: 3.Trancriptomics/Protein_RNA_COrr.pdf used on input li
ne 998.
(pdftex.def)             Requested size: 341.5519pt x 105.87746pt.
 [72 <./3.Trancriptomics/transcript_CV_figure.pdf>]
<3.Trancriptomics/Integrated_Linoic_Acid.pdf, id=8796, 426.39299pt x 375.804pt>
File: 3.Trancriptomics/Integrated_Linoic_Acid.pdf Graphic file (type pdf)
<use 3.Trancriptomics/Integrated_Linoic_Acid.pdf>
Package pdftex.def Info: 3.Trancriptomics/Integrated_Linoic_Acid.pdf used on in
put line 1010.
(pdftex.def)             Requested size: 345.0pt x 304.07846pt.
 [73 <./3.Trancriptomics/VolcanoTranscrpt.pdf> <./3.Trancriptomics/Protein_RNA_
COrr.pdf>]
Overfull \hbox (12.72285pt too wide) in paragraph at lines 1017--1018
\OT1/cmr/m/n/10 to rule out chance fluc-tu-a-tions in the rel-a-tive abun-dance
s of any of the biomolecules.
 []


<3.Trancriptomics/Integrated_Tyrosine_protein.pdf, id=8951, 597.50829pt x 845.0
471pt>
File: 3.Trancriptomics/Integrated_Tyrosine_protein.pdf Graphic file (type pdf)
 <use 3.Trancriptomics/Integrated_Tyrosine_protein.pdf>
Package pdftex.def Info: 3.Trancriptomics/Integrated_Tyrosine_protein.pdf used 
on input line 1023.
(pdftex.def)             Requested size: 345.0pt x 487.92273pt.
 [74 <./3.Trancriptomics/Integrated_Linoic_Acid.pdf>]
Overfull \hbox (15.05626pt too wide) in paragraph at lines 1029--1030
\OT1/cmr/m/n/10 Mela-tonin is gen-er-ated from sero-tonin, via N-acetyltransfer
ase and 5-hydroxyindole-
 []


Underfull \vbox (badness 10000) has occurred while \output is active []

 [75]
[76 <./3.Trancriptomics/Integrated_Tyrosine_protein.pdf>] [77]
Chapter 5.
[78

] (Final_Thesis.bbl [79

] [80

] [81] [82] [83]
LaTeX Font Info:    Try loading font information for OML+cmr on input line 316.


("D:\Program Files\MiKTeX 2.9\tex\latex\base\omlcmr.fd"
File: omlcmr.fd 2014/09/29 v2.5h Standard LaTeX font definitions
)
LaTeX Font Info:    Font shape `OML/cmr/m/n' in size <10> not available
(Font)              Font shape `OML/cmm/m/it' tried instead on input line 316.
 [84] [85] [86]
Missing character: There is no  in font cmr10!
Missing character: There is no  in font cmr10!
Missing character: There is no  in font cmr10!
Missing character: There is no  in font cmr10!
Missing character: There is no  in font cmr10!
Missing character: There is no  in font cmr10!

[87]) [88]
Underfull \vbox (badness 10000) has occurred while \output is active []

 [89]
[90]
Chapter 6.

<Appendix_FIgures/Extraction_Kinetics_1.pdf, id=9140, 845.0471pt x 597.51233pt>
File: Appendix_FIgures/Extraction_Kinetics_1.pdf Graphic file (type pdf)
<use Appendix_FIgures/Extraction_Kinetics_1.pdf>
Package pdftex.def Info: Appendix_FIgures/Extraction_Kinetics_1.pdf used on inp
ut line 1076.
(pdftex.def)             Requested size: 345.0pt x 243.94226pt.
 [91

 <./Appendix_FIgures/Extraction_Kinetics_1.pdf>]
<3.Metabolomics/Coverage.pdf, id=9189, 772.8875pt x 441.65pt>
File: 3.Metabolomics/Coverage.pdf Graphic file (type pdf)

<use 3.Metabolomics/Coverage.pdf>
Package pdftex.def Info: 3.Metabolomics/Coverage.pdf used on input line 1085.
(pdftex.def)             Requested size: 345.0pt x 197.14351pt.
 [92

 <./3.Metabolomics/Coverage.pdf>]
<Appendix_FIgures/4_Single_metab_plots.pdf, id=16170, 505.89pt x 505.89pt>
File: Appendix_FIgures/4_Single_metab_plots.pdf Graphic file (type pdf)

<use Appendix_FIgures/4_Single_metab_plots.pdf>
Package pdftex.def Info: Appendix_FIgures/4_Single_metab_plots.pdf used on inpu
t line 1096.
(pdftex.def)             Requested size: 345.0pt x 345.00414pt.
 [93

 <./Appendix_FIgures/4_Single_metab_plots.pdf>]
<Appendix_FIgures/Strain_Wise_Diet_Filt.pdf, id=16182, 1084.05pt x 1084.05pt>
File: Appendix_FIgures/Strain_Wise_Diet_Filt.pdf Graphic file (type pdf)

<use Appendix_FIgures/Strain_Wise_Diet_Filt.pdf>
Package pdftex.def Info: Appendix_FIgures/Strain_Wise_Diet_Filt.pdf used on inp
ut line 1104.
(pdftex.def)             Requested size: 345.0pt x 345.00084pt.
 [94

 <./Appendix_FIgures/Strain_Wise_Diet_Filt.pdf>]
<3.Metabolomics/Metabolite_QTL_Tables.pdf, id=16194, 614.295pt x 794.97pt>
File: 3.Metabolomics/Metabolite_QTL_Tables.pdf Graphic file (type pdf)

<use 3.Metabolomics/Metabolite_QTL_Tables.pdf>
Package pdftex.def Info: 3.Metabolomics/Metabolite_QTL_Tables.pdf used on input
 line 1111.
(pdftex.def)             Requested size: 310.4979pt x 401.82666pt.
 [95

 <./3.Metabolomics/Metabolite_QTL_Tables.pdf>]
<3.Proteomics/protein_batch_effect_figure.pdf, id=16261, 433.62pt x 289.08pt>
File: 3.Proteomics/protein_batch_effect_figure.pdf Graphic file (type pdf)

<use 3.Proteomics/protein_batch_effect_figure.pdf>
Package pdftex.def Info: 3.Proteomics/protein_batch_effect_figure.pdf used on i
nput line 1121.
(pdftex.def)             Requested size: 241.49895pt x 161.00148pt.

<"3.Proteomics/Proteomics PCA".pdf, id=16262, 722.7pt x 722.7pt>
File: "3.Proteomics/Proteomics PCA".pdf Graphic file (type pdf)

<use "3.Proteomics/Proteomics PCA".pdf>
Package pdftex.def Info: "3.Proteomics/Proteomics PCA".pdf used on input line 1
122.
(pdftex.def)             Requested size: 241.49895pt x 241.50224pt.

<Appendix_FIgures/metabotes.png, id=16263, 722.7pt x 722.7pt>
File: Appendix_FIgures/metabotes.png Graphic file (type png)

<use Appendix_FIgures/metabotes.png>
Package pdftex.def Info: Appendix_FIgures/metabotes.png used on input line 1130
.
(pdftex.def)             Requested size: 276.00105pt x 275.99626pt.
 [96

 <./3.Proteomics/protein_batch_effect_figure.pdf> <./3.Proteomics/Proteomics PC
A.pdf>] [97 <./Appendix_FIgures/metabotes.png>]
<Appendix_FIgures/power_stat_3_dpi72.png, id=16290, 722.7pt x 722.7pt>
File: Appendix_FIgures/power_stat_3_dpi72.png Graphic file (type png)

<use Appendix_FIgures/power_stat_3_dpi72.png>
Package pdftex.def Info: Appendix_FIgures/power_stat_3_dpi72.png used on input 
line 1136.
(pdftex.def)             Requested size: 276.00105pt x 275.99626pt.
 [98

 <./Appendix_FIgures/power_stat_3_dpi72.png>]
<Appendix_FIgures/protomics_overview_statistics.png, id=16296, 722.7pt x 722.7p
t>
File: Appendix_FIgures/protomics_overview_statistics.png Graphic file (type png
)
 <use Appendix_FIgures/protomics_overview_statistics.png>
Package pdftex.def Info: Appendix_FIgures/protomics_overview_statistics.png use
d on input line 1142.
(pdftex.def)             Requested size: 276.00105pt x 275.99626pt.
 [99

 <./Appendix_FIgures/protomics_overview_statistics.png>]

pdfTeX warning: pdflatex.exe (file ./3.Metabolomics/MSEA_charts_1.pdf): PDF inc
lusion: found PDF version <1.6>, but at most version <1.5> allowed
<3.Metabolomics/MSEA_charts_1.pdf, id=16302, 614.295pt x 794.97pt>
File: 3.Metabolomics/MSEA_charts_1.pdf Graphic file (type pdf)

<use 3.Metabolomics/MSEA_charts_1.pdf>
Package pdftex.def Info: 3.Metabolomics/MSEA_charts_1.pdf used on input line 11
52.
(pdftex.def)             Requested size: 345.0pt x 446.4781pt.


pdfTeX warning: pdflatex.exe (file ./3.Metabolomics/MSEA_charts_2.pdf): PDF inc
lusion: found PDF version <1.6>, but at most version <1.5> allowed
<3.Metabolomics/MSEA_charts_2.pdf, id=16303, 614.295pt x 794.97pt>
File: 3.Metabolomics/MSEA_charts_2.pdf Graphic file (type pdf)

<use 3.Metabolomics/MSEA_charts_2.pdf>
Package pdftex.def Info: 3.Metabolomics/MSEA_charts_2.pdf used on input line 11
57.
(pdftex.def)             Requested size: 345.0pt x 446.4781pt.


pdfTeX warning: pdflatex.exe (file ./3.Metabolomics/MSEA_charts_3.pdf): PDF inc
lusion: found PDF version <1.6>, but at most version <1.5> allowed
<3.Metabolomics/MSEA_charts_3.pdf, id=16304, 614.295pt x 794.97pt>
File: 3.Metabolomics/MSEA_charts_3.pdf Graphic file (type pdf)

<use 3.Metabolomics/MSEA_charts_3.pdf>
Package pdftex.def Info: 3.Metabolomics/MSEA_charts_3.pdf used on input line 11
62.
(pdftex.def)             Requested size: 345.0pt x 446.4781pt.


pdfTeX warning: pdflatex.exe (file ./3.Metabolomics/MSEA_charts_4.pdf): PDF inc
lusion: found PDF version <1.6>, but at most version <1.5> allowed
<3.Metabolomics/MSEA_charts_4.pdf, id=16305, 614.295pt x 794.97pt>
File: 3.Metabolomics/MSEA_charts_4.pdf Graphic file (type pdf)

<use 3.Metabolomics/MSEA_charts_4.pdf>
Package pdftex.def Info: 3.Metabolomics/MSEA_charts_4.pdf used on input line 11
67.
(pdftex.def)             Requested size: 345.0pt x 446.4781pt.


Package natbib Warning: There were undefined citations.

[100

] [101 <./3.Metabolomics/MSEA_charts_1.pdf>] [102 <./3.Metabolomics/MSEA_charts
_2.pdf>] [103 <./3.Metabolomics/MSEA_charts_3.pdf>] [104 <./3.Metabolomics/MSEA
_charts_4.pdf>]
Package atveryend Info: Empty hook `BeforeClearDocument' on input line 1174.
Package atveryend Info: Empty hook `AfterLastShipout' on input line 1174.
 (Final_Thesis.aux)
Package atveryend Info: Executing hook `AtVeryEndDocument' on input line 1174.
Package atveryend Info: Executing hook `AtEndAfterFileList' on input line 1174.

Package rerunfilecheck Info: File `Final_Thesis.out' has not changed.
(rerunfilecheck)             Checksum: 29B5A1CD9465E0E1637FB6A55B110285;5370.


LaTeX Warning: There were undefined references.

Package atveryend Info: Empty hook `AtVeryVeryEnd' on input line 1174.
 ) 
Here is how much of TeX's memory you used:
 33353 strings out of 493323
 683110 string characters out of 3139043
 714188 words of memory out of 3000000
 36016 multiletter control sequences out of 15000+200000
 544662 words of font info for 73 fonts, out of 3000000 for 9000
 1141 hyphenation exceptions out of 8191
 62i,18n,69p,10359b,1025s stack positions out of 5000i,500n,10000p,200000b,50000s
 <C:\Users\Moaraj Hasan\AppData\Local\MiKTeX\2.9\fonts\pk\ljfour\jknappen\ec\
dpi600\tcrm1000.pk><D:/Program Files/MiKTeX 2.9/fonts/type1/public/amsfonts/cm/
cmbx10.pfb><D:/Program Files/MiKTeX 2.9/fonts/type1/public/amsfonts/cm/cmbx12.p
fb><D:/Program Files/MiKTeX 2.9/fonts/type1/public/amsfonts/cm/cmbx8.pfb><D:/Pr
ogram Files/MiKTeX 2.9/fonts/type1/public/amsfonts/cm/cmex10.pfb><D:/Program Fi
les/MiKTeX 2.9/fonts/type1/public/amsfonts/cm/cmmi10.pfb><D:/Program Files/MiKT
eX 2.9/fonts/type1/public/amsfonts/cm/cmmi5.pfb><D:/Program Files/MiKTeX 2.9/fo
nts/type1/public/amsfonts/cm/cmmi7.pfb><D:/Program Files/MiKTeX 2.9/fonts/type1
/public/amsfonts/cm/cmmi8.pfb><D:/Program Files/MiKTeX 2.9/fonts/type1/public/a
msfonts/cm/cmr10.pfb><D:/Program Files/MiKTeX 2.9/fonts/type1/public/amsfonts/c
m/cmr12.pfb><D:/Program Files/MiKTeX 2.9/fonts/type1/public/amsfonts/cm/cmr17.p
fb><D:/Program Files/MiKTeX 2.9/fonts/type1/public/amsfonts/cm/cmr6.pfb><D:/Pro
gram Files/MiKTeX 2.9/fonts/type1/public/amsfonts/cm/cmr7.pfb><D:/Program Files
/MiKTeX 2.9/fonts/type1/public/amsfonts/cm/cmr8.pfb><D:/Program Files/MiKTeX 2.
9/fonts/type1/public/amsfonts/cm/cmr9.pfb><D:/Program Files/MiKTeX 2.9/fonts/ty
pe1/public/amsfonts/cm/cmsy10.pfb><D:/Program Files/MiKTeX 2.9/fonts/type1/publ
ic/amsfonts/cm/cmsy7.pfb><D:/Program Files/MiKTeX 2.9/fonts/type1/public/amsfon
ts/cm/cmti10.pfb><D:/Program Files/MiKTeX 2.9/fonts/type1/public/amsfonts/cm/cm
ti9.pfb><D:/Program Files/MiKTeX 2.9/fonts/type1/public/amsfonts/latxfont/line1
0.pfb><D:/Program Files/MiKTeX 2.9/fonts/type1/public/lm/lmr12.pfb

pdfTeX warning: pdflatex.exe (file D:/Program Files/MiKTeX 2.9/fonts/type1/publ
ic/lm/lmr12.pfb): glyph `f_i' undefined
>
Output written on Final_Thesis.pdf (104 pages, 51335646 bytes).
PDF statistics:
 16500 PDF objects out of 18468 (max. 8388607)
 360 named destinations out of 1000 (max. 500000)
 934 words of extra memory for PDF output out of 10000 (max. 10000000)

