\BOOKMARK [0][-]{chapter.1}{Introduction}{}% 1
\BOOKMARK [1][-]{section.1.1}{Project Outline}{chapter.1}% 2
\BOOKMARK [1][-]{section.1.2}{Gene-Function Paradigms}{chapter.1}% 3
\BOOKMARK [1][-]{section.1.3}{Reverse and Forward genetics}{chapter.1}% 4
\BOOKMARK [1][-]{section.1.4}{Systems Approach to Complex Trait Analysis}{chapter.1}% 5
\BOOKMARK [1][-]{section.1.5}{Heritability}{chapter.1}% 6
\BOOKMARK [1][-]{section.1.6}{Why Model Organism Population Facilitate Complex Trait Analysis}{chapter.1}% 7
\BOOKMARK [1][-]{section.1.7}{What is QTL Analysis?}{chapter.1}% 8
\BOOKMARK [1][-]{section.1.8}{QTL vs. GWAS}{chapter.1}% 9
\BOOKMARK [1][-]{section.1.9}{RI Mouse Population for GxE}{chapter.1}% 10
\BOOKMARK [1][-]{section.1.10}{Study Design}{chapter.1}% 11
\BOOKMARK [2][-]{subsection.1.10.1}{BXD Mice}{section.1.10}% 12
\BOOKMARK [2][-]{subsection.1.10.2}{Components of Chow and High Fat diet}{section.1.10}% 13
\BOOKMARK [2][-]{subsection.1.10.3}{Study Design: Mouse Sex}{section.1.10}% 14
\BOOKMARK [1][-]{section.1.11}{Why Multiple Omics}{chapter.1}% 15
\BOOKMARK [0][-]{chapter.2}{Metabolomics}{}% 16
\BOOKMARK [1][-]{section.2.1}{Introduction to Non-Targeted Metabolomics}{chapter.2}% 17
\BOOKMARK [2][-]{subsection.2.1.1}{Metabolomics Methods}{section.2.1}% 18
\BOOKMARK [1][-]{section.2.2}{Metabolite Extraction Protocol \046 Optimization}{chapter.2}% 19
\BOOKMARK [2][-]{subsection.2.2.1}{Optimization Objectives}{section.2.2}% 20
\BOOKMARK [1][-]{section.2.3}{Pilot Study 1}{chapter.2}% 21
\BOOKMARK [1][-]{section.2.4}{Pilot Study 1 Results}{chapter.2}% 22
\BOOKMARK [1][-]{section.2.5}{Pilot Study 2}{chapter.2}% 23
\BOOKMARK [1][-]{section.2.6}{Metabolite Data Acquisition and Handling}{chapter.2}% 24
\BOOKMARK [1][-]{section.2.7}{Data Analysis}{chapter.2}% 25
\BOOKMARK [2][-]{subsection.2.7.1}{Normalization of Metabolite Data}{section.2.7}% 26
\BOOKMARK [2][-]{subsection.2.7.2}{Quality Control}{section.2.7}% 27
\BOOKMARK [1][-]{section.2.8}{Analysis of Metabolic Data}{chapter.2}% 28
\BOOKMARK [2][-]{subsection.2.8.1}{Fold Changes}{section.2.8}% 29
\BOOKMARK [1][-]{section.2.9}{QTL Analysis}{chapter.2}% 30
\BOOKMARK [1][-]{section.2.10}{Metabolite Set Analysis}{chapter.2}% 31
\BOOKMARK [0][-]{chapter.3}{Proteomics}{}% 32
\BOOKMARK [1][-]{section.3.1}{Introduction to MS Proteomics}{chapter.3}% 33
\BOOKMARK [2][-]{subsection.3.1.1}{Peptide Identification}{section.3.1}% 34
\BOOKMARK [2][-]{subsection.3.1.2}{DDA Spectral Library Generation}{section.3.1}% 35
\BOOKMARK [2][-]{subsection.3.1.3}{Experimental Proteomics Protocol}{section.3.1}% 36
\BOOKMARK [1][-]{section.3.2}{Data Analysis}{chapter.3}% 37
\BOOKMARK [1][-]{section.3.3}{FoldChange Analysis}{chapter.3}% 38
\BOOKMARK [1][-]{section.3.4}{Protein Biomarkers}{chapter.3}% 39
\BOOKMARK [1][-]{section.3.5}{ROC Curves}{chapter.3}% 40
\BOOKMARK [1][-]{section.3.6}{Random Forest}{chapter.3}% 41
\BOOKMARK [1][-]{section.3.7}{Support Vector Machine}{chapter.3}% 42
\BOOKMARK [1][-]{section.3.8}{Conclusion from proteomics}{chapter.3}% 43
\BOOKMARK [0][-]{chapter.4}{Transcriptomics}{}% 44
\BOOKMARK [1][-]{section.4.1}{Introduction to Microarray}{chapter.4}% 45
\BOOKMARK [2][-]{subsection.4.1.1}{Microarray Experimental Methods}{section.4.1}% 46
\BOOKMARK [2][-]{subsection.4.1.2}{Transcriptomics Data Processing}{section.4.1}% 47
\BOOKMARK [2][-]{subsection.4.1.3}{Data Extraction}{section.4.1}% 48
\BOOKMARK [2][-]{subsection.4.1.4}{Normalization}{section.4.1}% 49
\BOOKMARK [2][-]{subsection.4.1.5}{Model Based Error Subtraction}{section.4.1}% 50
\BOOKMARK [2][-]{subsection.4.1.6}{Variance Stabilizing Normalization}{section.4.1}% 51
\BOOKMARK [2][-]{subsection.4.1.7}{Parameter Estimation}{section.4.1}% 52
\BOOKMARK [1][-]{section.4.2}{Quality Control}{chapter.4}% 53
\BOOKMARK [1][-]{section.4.3}{Trans}{chapter.4}% 54
\BOOKMARK [1][-]{section.4.4}{Integrated Analysis}{chapter.4}% 55
\BOOKMARK [0][-]{chapter.5}{Conclusions and Follow up Experiments}{}% 56
\BOOKMARK [0][-]{chapter.6}{Appendix: Metabolites Data}{}% 57
\BOOKMARK [0][-]{chapter.7}{Appendix: Proteomics Data}{}% 58
\BOOKMARK [0][-]{chapter.8}{Appendix: Transcriptomics Data}{}% 59
\BOOKMARK [1][-]{section.8.1}{mQTL Results}{chapter.8}% 60
\BOOKMARK [1][-]{section.8.2}{Metabolomics Protocol Optimization}{chapter.8}% 61
\BOOKMARK [1][-]{section.8.3}{protein}{chapter.8}% 62
\BOOKMARK [1][-]{section.8.4}{MSEA Table}{chapter.8}% 63
